mode: set
radgateway/cmd/rad-gateway/main.go:33.87,35.2 1 0
radgateway/cmd/rad-gateway/main.go:37.109,39.2 1 0
radgateway/cmd/rad-gateway/main.go:41.72,43.2 1 0
radgateway/cmd/rad-gateway/main.go:45.107,47.2 1 0
radgateway/cmd/rad-gateway/main.go:49.130,51.2 1 0
radgateway/cmd/rad-gateway/main.go:53.91,55.2 1 0
radgateway/cmd/rad-gateway/main.go:57.98,59.2 1 0
radgateway/cmd/rad-gateway/main.go:61.13,68.52 4 0
radgateway/cmd/rad-gateway/main.go:68.52,70.34 2 0
radgateway/cmd/rad-gateway/main.go:70.34,72.4 1 0
radgateway/cmd/rad-gateway/main.go:73.3,73.29 1 0
radgateway/cmd/rad-gateway/main.go:74.8,76.3 1 0
radgateway/cmd/rad-gateway/main.go:78.2,87.25 6 0
radgateway/cmd/rad-gateway/main.go:87.25,89.3 1 0
radgateway/cmd/rad-gateway/main.go:90.2,90.30 1 0
radgateway/cmd/rad-gateway/main.go:90.30,92.3 1 0
radgateway/cmd/rad-gateway/main.go:93.2,95.17 2 0
radgateway/cmd/rad-gateway/main.go:95.17,102.17 3 0
radgateway/cmd/rad-gateway/main.go:102.17,104.4 1 0
radgateway/cmd/rad-gateway/main.go:104.9,105.32 1 0
radgateway/cmd/rad-gateway/main.go:105.32,107.5 1 0
radgateway/cmd/rad-gateway/main.go:108.4,108.51 1 0
radgateway/cmd/rad-gateway/main.go:108.51,110.5 1 0
radgateway/cmd/rad-gateway/main.go:110.10,113.5 2 0
radgateway/cmd/rad-gateway/main.go:115.3,115.22 1 0
radgateway/cmd/rad-gateway/main.go:115.22,117.4 1 0
radgateway/cmd/rad-gateway/main.go:121.2,123.21 3 0
radgateway/cmd/rad-gateway/main.go:123.21,131.61 2 0
radgateway/cmd/rad-gateway/main.go:131.61,136.4 3 0
radgateway/cmd/rad-gateway/main.go:138.3,139.17 2 0
radgateway/cmd/rad-gateway/main.go:139.17,141.4 1 0
radgateway/cmd/rad-gateway/main.go:141.9,145.47 3 0
radgateway/cmd/rad-gateway/main.go:145.47,148.5 2 0
radgateway/cmd/rad-gateway/main.go:148.10,152.5 3 0
radgateway/cmd/rad-gateway/main.go:154.8,156.3 1 0
radgateway/cmd/rad-gateway/main.go:159.2,160.21 2 0
radgateway/cmd/rad-gateway/main.go:160.21,165.42 2 0
radgateway/cmd/rad-gateway/main.go:165.42,168.29 2 0
radgateway/cmd/rad-gateway/main.go:168.29,170.5 1 0
radgateway/cmd/rad-gateway/main.go:171.4,172.49 2 0
radgateway/cmd/rad-gateway/main.go:173.9,175.4 1 0
radgateway/cmd/rad-gateway/main.go:178.2,183.49 5 0
radgateway/cmd/rad-gateway/main.go:183.49,185.32 2 0
radgateway/cmd/rad-gateway/main.go:185.32,187.4 1 0
radgateway/cmd/rad-gateway/main.go:188.3,188.29 1 0
radgateway/cmd/rad-gateway/main.go:191.2,204.20 7 0
radgateway/cmd/rad-gateway/main.go:204.20,208.3 3 0
radgateway/cmd/rad-gateway/main.go:211.2,232.94 11 0
radgateway/cmd/rad-gateway/main.go:232.94,238.22 4 0
radgateway/cmd/rad-gateway/main.go:238.22,241.45 3 0
radgateway/cmd/rad-gateway/main.go:241.45,244.5 2 0
radgateway/cmd/rad-gateway/main.go:245.9,247.4 1 0
radgateway/cmd/rad-gateway/main.go:250.3,250.17 1 0
radgateway/cmd/rad-gateway/main.go:250.17,252.4 1 0
radgateway/cmd/rad-gateway/main.go:252.9,254.4 1 0
radgateway/cmd/rad-gateway/main.go:256.3,257.28 2 0
radgateway/cmd/rad-gateway/main.go:261.2,285.48 12 0
radgateway/cmd/rad-gateway/main.go:285.48,288.3 2 0
radgateway/cmd/rad-gateway/main.go:291.42,292.34 1 0
radgateway/cmd/rad-gateway/main.go:292.34,294.3 1 0
radgateway/cmd/rad-gateway/main.go:295.2,295.17 1 0
radgateway/internal/admin/apikeys.go:98.40,102.2 1 0
radgateway/internal/admin/apikeys.go:105.60,109.2 3 0
radgateway/internal/admin/apikeys.go:111.79,112.18 1 0
radgateway/internal/admin/apikeys.go:113.22,114.22 1 0
radgateway/internal/admin/apikeys.go:115.23,116.23 1 0
radgateway/internal/admin/apikeys.go:117.10,119.94 2 0
radgateway/internal/admin/apikeys.go:123.84,125.14 2 0
radgateway/internal/admin/apikeys.go:125.14,128.3 2 0
radgateway/internal/admin/apikeys.go:131.2,131.38 1 0
radgateway/internal/admin/apikeys.go:131.38,134.3 2 0
radgateway/internal/admin/apikeys.go:135.2,135.38 1 0
radgateway/internal/admin/apikeys.go:135.38,138.3 2 0
radgateway/internal/admin/apikeys.go:140.2,140.18 1 0
radgateway/internal/admin/apikeys.go:141.22,142.24 1 0
radgateway/internal/admin/apikeys.go:143.22,144.27 1 0
radgateway/internal/admin/apikeys.go:145.25,146.27 1 0
radgateway/internal/admin/apikeys.go:147.24,148.26 1 0
radgateway/internal/admin/apikeys.go:149.10,151.94 2 0
radgateway/internal/admin/apikeys.go:156.77,160.20 4 0
radgateway/internal/admin/apikeys.go:160.20,162.3 1 0
radgateway/internal/admin/apikeys.go:164.2,213.25 3 0
radgateway/internal/admin/apikeys.go:213.25,215.31 2 0
radgateway/internal/admin/apikeys.go:215.31,216.35 1 0
radgateway/internal/admin/apikeys.go:216.35,218.5 1 0
radgateway/internal/admin/apikeys.go:220.3,220.21 1 0
radgateway/internal/admin/apikeys.go:223.2,223.30 1 0
radgateway/internal/admin/apikeys.go:223.30,225.31 2 0
radgateway/internal/admin/apikeys.go:225.31,226.45 1 0
radgateway/internal/admin/apikeys.go:226.45,228.5 1 0
radgateway/internal/admin/apikeys.go:230.3,230.21 1 0
radgateway/internal/admin/apikeys.go:233.2,233.25 1 0
radgateway/internal/admin/apikeys.go:233.25,236.31 3 0
radgateway/internal/admin/apikeys.go:236.31,237.64 1 0
radgateway/internal/admin/apikeys.go:237.64,239.5 1 0
radgateway/internal/admin/apikeys.go:241.3,241.21 1 0
radgateway/internal/admin/apikeys.go:244.2,249.19 4 0
radgateway/internal/admin/apikeys.go:249.19,251.3 1 0
radgateway/internal/admin/apikeys.go:252.2,252.17 1 0
radgateway/internal/admin/apikeys.go:252.17,254.3 1 0
radgateway/internal/admin/apikeys.go:256.2,266.39 3 0
radgateway/internal/admin/apikeys.go:270.86,290.2 3 0
radgateway/internal/admin/apikeys.go:293.78,295.61 2 0
radgateway/internal/admin/apikeys.go:295.61,299.3 3 0
radgateway/internal/admin/apikeys.go:301.2,301.20 1 0
radgateway/internal/admin/apikeys.go:301.20,304.3 2 0
radgateway/internal/admin/apikeys.go:306.2,306.27 1 0
radgateway/internal/admin/apikeys.go:306.27,309.3 2 0
radgateway/internal/admin/apikeys.go:311.2,322.50 6 0
radgateway/internal/admin/apikeys.go:322.50,324.17 2 0
radgateway/internal/admin/apikeys.go:324.17,326.4 1 0
radgateway/internal/admin/apikeys.go:329.2,350.44 3 0
radgateway/internal/admin/apikeys.go:354.89,356.61 2 0
radgateway/internal/admin/apikeys.go:356.61,360.3 3 0
radgateway/internal/admin/apikeys.go:362.2,377.37 3 0
radgateway/internal/admin/apikeys.go:381.88,383.65 2 0
radgateway/internal/admin/apikeys.go:383.65,387.3 3 0
radgateway/internal/admin/apikeys.go:389.2,400.37 3 0
radgateway/internal/admin/apikeys.go:404.89,405.33 1 0
radgateway/internal/admin/apikeys.go:405.33,408.3 2 0
radgateway/internal/admin/apikeys.go:410.2,422.37 3 0
radgateway/internal/admin/apikeys.go:426.89,427.33 1 0
radgateway/internal/admin/apikeys.go:427.33,430.3 2 0
radgateway/internal/admin/apikeys.go:432.2,433.61 2 0
radgateway/internal/admin/apikeys.go:433.62,435.3 0 0
radgateway/internal/admin/apikeys.go:437.2,445.50 6 0
radgateway/internal/admin/apikeys.go:445.50,447.17 2 0
radgateway/internal/admin/apikeys.go:447.17,449.4 1 0
radgateway/internal/admin/apikeys.go:453.2,469.39 3 0
radgateway/internal/admin/apikeys.go:473.89,478.2 2 0
radgateway/internal/admin/apikeys.go:481.85,482.33 1 0
radgateway/internal/admin/apikeys.go:482.33,485.3 2 0
radgateway/internal/admin/apikeys.go:487.2,488.61 2 0
radgateway/internal/admin/apikeys.go:488.61,492.3 3 0
radgateway/internal/admin/apikeys.go:494.2,494.23 1 0
radgateway/internal/admin/apikeys.go:494.23,497.3 2 0
radgateway/internal/admin/apikeys.go:499.2,499.22 1 0
radgateway/internal/admin/apikeys.go:499.22,502.3 2 0
radgateway/internal/admin/apikeys.go:504.2,514.31 3 0
radgateway/internal/admin/apikeys.go:514.31,517.3 2 0
radgateway/internal/admin/apikeys.go:519.2,525.37 2 0
radgateway/internal/admin/apikeys.go:529.67,537.2 1 0
radgateway/internal/admin/apikeys.go:540.36,545.2 3 0
radgateway/internal/admin/apikeys.go:547.36,551.2 1 0
radgateway/internal/admin/costs.go:169.36,173.2 1 0
radgateway/internal/admin/costs.go:176.58,185.2 8 0
radgateway/internal/admin/costs.go:187.75,188.32 1 0
radgateway/internal/admin/costs.go:188.32,191.3 2 0
radgateway/internal/admin/costs.go:192.2,192.24 1 0
radgateway/internal/admin/costs.go:195.81,196.32 1 0
radgateway/internal/admin/costs.go:196.32,199.3 2 0
radgateway/internal/admin/costs.go:200.2,200.24 1 0
radgateway/internal/admin/costs.go:203.80,204.32 1 0
radgateway/internal/admin/costs.go:204.32,207.3 2 0
radgateway/internal/admin/costs.go:208.2,208.23 1 0
radgateway/internal/admin/costs.go:211.82,212.18 1 0
radgateway/internal/admin/costs.go:213.22,214.26 1 0
radgateway/internal/admin/costs.go:215.10,216.94 1 0
radgateway/internal/admin/costs.go:220.80,221.18 1 0
radgateway/internal/admin/costs.go:222.22,223.25 1 0
radgateway/internal/admin/costs.go:224.23,225.26 1 0
radgateway/internal/admin/costs.go:226.10,227.94 1 0
radgateway/internal/admin/costs.go:231.85,233.14 2 0
radgateway/internal/admin/costs.go:233.14,236.3 2 0
radgateway/internal/admin/costs.go:239.2,239.43 1 0
radgateway/internal/admin/costs.go:239.43,242.3 2 0
radgateway/internal/admin/costs.go:243.2,243.39 1 0
radgateway/internal/admin/costs.go:243.39,246.3 2 0
radgateway/internal/admin/costs.go:248.2,248.18 1 0
radgateway/internal/admin/costs.go:249.22,250.27 1 0
radgateway/internal/admin/costs.go:251.25,252.30 1 0
radgateway/internal/admin/costs.go:253.10,254.94 1 0
radgateway/internal/admin/costs.go:258.77,259.18 1 0
radgateway/internal/admin/costs.go:260.22,261.22 1 0
radgateway/internal/admin/costs.go:262.23,263.23 1 0
radgateway/internal/admin/costs.go:264.10,265.94 1 0
radgateway/internal/admin/costs.go:269.82,271.14 2 0
radgateway/internal/admin/costs.go:271.14,274.3 2 0
radgateway/internal/admin/costs.go:276.2,276.18 1 0
radgateway/internal/admin/costs.go:277.22,278.24 1 0
radgateway/internal/admin/costs.go:279.22,280.27 1 0
radgateway/internal/admin/costs.go:281.25,282.27 1 0
radgateway/internal/admin/costs.go:283.10,284.94 1 0
radgateway/internal/admin/costs.go:289.78,406.2 9 0
radgateway/internal/admin/costs.go:409.77,413.20 4 0
radgateway/internal/admin/costs.go:413.20,415.3 1 0
radgateway/internal/admin/costs.go:417.2,431.39 4 0
radgateway/internal/admin/costs.go:435.79,438.19 3 0
radgateway/internal/admin/costs.go:438.19,439.59 1 0
radgateway/internal/admin/costs.go:439.59,441.4 1 0
radgateway/internal/admin/costs.go:444.2,471.39 10 0
radgateway/internal/admin/costs.go:475.78,519.31 8 0
radgateway/internal/admin/costs.go:519.31,520.51 1 0
radgateway/internal/admin/costs.go:520.51,521.12 1 0
radgateway/internal/admin/costs.go:523.3,523.25 1 0
radgateway/internal/admin/costs.go:523.25,525.33 2 0
radgateway/internal/admin/costs.go:525.33,526.13 1 0
radgateway/internal/admin/costs.go:529.3,529.37 1 0
radgateway/internal/admin/costs.go:532.2,535.19 4 0
radgateway/internal/admin/costs.go:535.19,537.3 1 0
radgateway/internal/admin/costs.go:538.2,538.17 1 0
radgateway/internal/admin/costs.go:538.17,540.3 1 0
radgateway/internal/admin/costs.go:542.2,550.39 2 0
radgateway/internal/admin/costs.go:554.87,569.2 3 0
radgateway/internal/admin/costs.go:572.79,574.61 2 0
radgateway/internal/admin/costs.go:574.61,578.3 3 0
radgateway/internal/admin/costs.go:580.2,597.41 3 0
radgateway/internal/admin/costs.go:601.95,602.33 1 0
radgateway/internal/admin/costs.go:602.33,605.3 2 0
radgateway/internal/admin/costs.go:607.2,618.36 3 0
radgateway/internal/admin/costs.go:622.91,623.33 1 0
radgateway/internal/admin/costs.go:623.33,626.3 2 0
radgateway/internal/admin/costs.go:628.2,641.36 4 0
radgateway/internal/admin/costs.go:645.90,648.2 2 0
radgateway/internal/admin/costs.go:651.75,694.23 7 0
radgateway/internal/admin/costs.go:694.23,695.29 1 0
radgateway/internal/admin/costs.go:695.29,696.36 1 0
radgateway/internal/admin/costs.go:696.36,698.5 1 0
radgateway/internal/admin/costs.go:700.8,702.3 1 0
radgateway/internal/admin/costs.go:704.2,707.19 4 0
radgateway/internal/admin/costs.go:707.19,709.3 1 0
radgateway/internal/admin/costs.go:710.2,710.17 1 0
radgateway/internal/admin/costs.go:710.17,712.3 1 0
radgateway/internal/admin/costs.go:714.2,722.39 2 0
radgateway/internal/admin/costs.go:726.84,746.2 3 0
radgateway/internal/admin/costs.go:749.76,751.61 2 0
radgateway/internal/admin/costs.go:751.61,755.3 3 0
radgateway/internal/admin/costs.go:757.2,757.20 1 0
radgateway/internal/admin/costs.go:757.20,760.3 2 0
radgateway/internal/admin/costs.go:761.2,761.24 1 0
radgateway/internal/admin/costs.go:761.24,764.3 2 0
radgateway/internal/admin/costs.go:766.2,789.42 3 0
radgateway/internal/admin/costs.go:793.87,795.65 2 0
radgateway/internal/admin/costs.go:795.65,799.3 3 0
radgateway/internal/admin/costs.go:801.2,818.37 3 0
radgateway/internal/admin/costs.go:822.87,825.2 2 0
radgateway/internal/admin/costs.go:829.98,831.15 2 0
radgateway/internal/admin/costs.go:831.15,833.3 1 0
radgateway/internal/admin/costs.go:834.2,835.16 2 0
radgateway/internal/admin/costs.go:835.16,837.3 1 0
radgateway/internal/admin/costs.go:838.2,838.10 1 0
radgateway/internal/admin/costs.go:841.89,845.48 3 0
radgateway/internal/admin/costs.go:845.48,859.3 3 0
radgateway/internal/admin/costs.go:861.2,861.19 1 0
radgateway/internal/admin/costs.go:864.103,869.18 4 0
radgateway/internal/admin/costs.go:870.14,871.19 1 0
radgateway/internal/admin/costs.go:872.13,873.24 1 0
radgateway/internal/admin/costs.go:874.10,875.24 1 0
radgateway/internal/admin/costs.go:878.2,879.20 2 0
radgateway/internal/admin/costs.go:879.20,881.3 1 0
radgateway/internal/admin/costs.go:883.2,884.33 2 0
radgateway/internal/admin/costs.go:884.33,888.19 4 0
radgateway/internal/admin/costs.go:888.19,890.4 1 0
radgateway/internal/admin/costs.go:891.3,899.5 2 0
radgateway/internal/admin/costs.go:902.2,902.15 1 0
radgateway/internal/admin/handlers.go:23.94,30.2 1 0
radgateway/internal/admin/handlers.go:32.49,56.2 9 0
radgateway/internal/admin/handlers.go:58.70,59.32 1 0
radgateway/internal/admin/handlers.go:59.32,63.3 3 0
radgateway/internal/admin/handlers.go:64.2,65.47 2 0
radgateway/internal/admin/handlers.go:68.69,69.32 1 0
radgateway/internal/admin/handlers.go:69.32,73.3 3 0
radgateway/internal/admin/handlers.go:74.2,76.90 3 0
radgateway/internal/admin/handlers.go:79.70,80.32 1 0
radgateway/internal/admin/handlers.go:80.32,84.3 3 0
radgateway/internal/admin/handlers.go:85.2,87.90 3 0
radgateway/internal/admin/handlers.go:90.51,92.15 2 0
radgateway/internal/admin/handlers.go:92.15,94.3 1 0
radgateway/internal/admin/handlers.go:95.2,96.26 2 0
radgateway/internal/admin/handlers.go:96.26,98.3 1 0
radgateway/internal/admin/handlers.go:99.2,99.13 1 0
radgateway/internal/admin/handlers.go:99.13,101.3 1 0
radgateway/internal/admin/handlers.go:102.2,102.10 1 0
radgateway/internal/admin/handlers.go:105.56,109.2 3 0
radgateway/internal/admin/projects.go:63.42,67.2 1 0
radgateway/internal/admin/projects.go:70.61,75.2 4 0
radgateway/internal/admin/projects.go:77.81,78.18 1 0
radgateway/internal/admin/projects.go:79.22,80.25 1 0
radgateway/internal/admin/projects.go:81.23,82.26 1 0
radgateway/internal/admin/projects.go:83.10,85.94 2 0
radgateway/internal/admin/projects.go:89.86,91.14 2 0
radgateway/internal/admin/projects.go:91.14,94.3 2 0
radgateway/internal/admin/projects.go:96.2,96.18 1 0
radgateway/internal/admin/projects.go:97.22,98.27 1 0
radgateway/internal/admin/projects.go:99.22,100.30 1 0
radgateway/internal/admin/projects.go:101.25,102.30 1 0
radgateway/internal/admin/projects.go:103.24,104.29 1 0
radgateway/internal/admin/projects.go:105.10,107.94 2 0
radgateway/internal/admin/projects.go:112.81,116.20 4 0
radgateway/internal/admin/projects.go:116.20,118.3 1 0
radgateway/internal/admin/projects.go:120.2,160.25 3 0
radgateway/internal/admin/projects.go:160.25,162.33 2 0
radgateway/internal/admin/projects.go:162.33,163.34 1 0
radgateway/internal/admin/projects.go:163.34,165.5 1 0
radgateway/internal/admin/projects.go:167.3,167.24 1 0
radgateway/internal/admin/projects.go:171.2,171.25 1 0
radgateway/internal/admin/projects.go:171.25,174.33 3 0
radgateway/internal/admin/projects.go:174.33,176.61 1 0
radgateway/internal/admin/projects.go:176.61,178.5 1 0
radgateway/internal/admin/projects.go:180.3,180.24 1 0
radgateway/internal/admin/projects.go:183.2,188.19 4 0
radgateway/internal/admin/projects.go:188.19,190.3 1 0
radgateway/internal/admin/projects.go:191.2,191.17 1 0
radgateway/internal/admin/projects.go:191.17,193.3 1 0
radgateway/internal/admin/projects.go:195.2,205.39 3 0
radgateway/internal/admin/projects.go:209.90,225.2 3 0
radgateway/internal/admin/projects.go:228.82,230.61 2 0
radgateway/internal/admin/projects.go:230.61,234.3 3 0
radgateway/internal/admin/projects.go:236.2,236.20 1 0
radgateway/internal/admin/projects.go:236.20,239.3 2 0
radgateway/internal/admin/projects.go:241.2,241.20 1 0
radgateway/internal/admin/projects.go:241.20,243.3 1 0
radgateway/internal/admin/projects.go:245.2,262.45 3 0
radgateway/internal/admin/projects.go:266.93,268.61 2 0
radgateway/internal/admin/projects.go:268.61,272.3 3 0
radgateway/internal/admin/projects.go:274.2,287.40 3 0
radgateway/internal/admin/projects.go:291.92,293.65 2 0
radgateway/internal/admin/projects.go:293.65,297.3 3 0
radgateway/internal/admin/projects.go:299.2,311.40 3 0
radgateway/internal/admin/projects.go:315.93,324.2 3 0
radgateway/internal/admin/projects.go:327.86,328.33 1 0
radgateway/internal/admin/projects.go:328.33,331.3 2 0
radgateway/internal/admin/projects.go:333.2,334.61 2 0
radgateway/internal/admin/projects.go:334.61,338.3 3 0
radgateway/internal/admin/projects.go:340.2,340.23 1 0
radgateway/internal/admin/projects.go:340.23,343.3 2 0
radgateway/internal/admin/projects.go:345.2,345.22 1 0
radgateway/internal/admin/projects.go:345.22,348.3 2 0
radgateway/internal/admin/projects.go:350.2,362.31 3 0
radgateway/internal/admin/projects.go:362.31,365.3 2 0
radgateway/internal/admin/projects.go:368.2,374.37 2 0
radgateway/internal/admin/projects.go:378.86,379.32 1 0
radgateway/internal/admin/projects.go:379.32,382.3 2 0
radgateway/internal/admin/projects.go:384.2,393.9 6 0
radgateway/internal/admin/projects.go:393.9,396.3 2 0
radgateway/internal/admin/projects.go:399.2,407.6 6 0
radgateway/internal/admin/projects.go:407.6,408.10 1 0
radgateway/internal/admin/projects.go:409.21,411.10 2 0
radgateway/internal/admin/projects.go:412.19,414.19 2 0
radgateway/internal/admin/projects.go:420.71,428.25 2 0
radgateway/internal/admin/projects.go:428.25,430.3 1 0
radgateway/internal/admin/projects.go:431.2,431.28 1 0
radgateway/internal/admin/projects.go:431.28,433.3 1 0
radgateway/internal/admin/projects.go:435.2,435.15 1 0
radgateway/internal/admin/projects.go:439.31,441.2 1 0
radgateway/internal/admin/projects.go:443.34,445.2 1 0
radgateway/internal/admin/projects.go:447.39,449.2 1 0
radgateway/internal/admin/projects.go:451.25,453.2 1 0
radgateway/internal/admin/projects.go:455.38,457.2 1 0
radgateway/internal/admin/projects.go:459.67,461.15 2 0
radgateway/internal/admin/projects.go:461.15,463.3 1 0
radgateway/internal/admin/projects.go:464.2,465.26 2 0
radgateway/internal/admin/projects.go:465.26,467.3 1 0
radgateway/internal/admin/projects.go:468.2,468.10 1 0
radgateway/internal/admin/providers.go:141.44,145.2 1 0
radgateway/internal/admin/providers.go:148.62,155.2 6 0
radgateway/internal/admin/providers.go:157.83,158.18 1 0
radgateway/internal/admin/providers.go:159.22,160.24 1 0
radgateway/internal/admin/providers.go:161.23,162.25 1 0
radgateway/internal/admin/providers.go:163.10,165.94 2 0
radgateway/internal/admin/providers.go:169.88,171.86 2 0
radgateway/internal/admin/providers.go:171.86,173.3 1 0
radgateway/internal/admin/providers.go:175.2,175.18 1 0
radgateway/internal/admin/providers.go:176.22,177.26 1 0
radgateway/internal/admin/providers.go:178.22,179.29 1 0
radgateway/internal/admin/providers.go:180.25,181.29 1 0
radgateway/internal/admin/providers.go:182.24,183.28 1 0
radgateway/internal/admin/providers.go:184.10,186.94 2 0
radgateway/internal/admin/providers.go:190.87,191.33 1 0
radgateway/internal/admin/providers.go:191.33,194.3 2 0
radgateway/internal/admin/providers.go:195.2,195.28 1 0
radgateway/internal/admin/providers.go:198.85,199.18 1 0
radgateway/internal/admin/providers.go:200.23,201.29 1 0
radgateway/internal/admin/providers.go:202.22,203.28 1 0
radgateway/internal/admin/providers.go:204.10,205.94 1 0
radgateway/internal/admin/providers.go:209.88,210.18 1 0
radgateway/internal/admin/providers.go:211.23,212.32 1 0
radgateway/internal/admin/providers.go:213.22,214.33 1 0
radgateway/internal/admin/providers.go:215.10,216.94 1 0
radgateway/internal/admin/providers.go:220.89,221.32 1 0
radgateway/internal/admin/providers.go:221.32,224.3 2 0
radgateway/internal/admin/providers.go:225.2,225.28 1 0
radgateway/internal/admin/providers.go:229.81,332.30 12 0
radgateway/internal/admin/providers.go:332.30,333.56 1 0
radgateway/internal/admin/providers.go:333.56,334.12 1 0
radgateway/internal/admin/providers.go:336.3,336.59 1 0
radgateway/internal/admin/providers.go:336.59,337.12 1 0
radgateway/internal/admin/providers.go:339.3,339.41 1 0
radgateway/internal/admin/providers.go:339.41,340.12 1 0
radgateway/internal/admin/providers.go:342.3,342.33 1 0
radgateway/internal/admin/providers.go:345.2,348.19 4 0
radgateway/internal/admin/providers.go:348.19,350.3 1 0
radgateway/internal/admin/providers.go:351.2,351.17 1 0
radgateway/internal/admin/providers.go:351.17,353.3 1 0
radgateway/internal/admin/providers.go:355.2,363.39 2 0
radgateway/internal/admin/providers.go:367.90,401.2 5 0
radgateway/internal/admin/providers.go:404.82,406.61 2 0
radgateway/internal/admin/providers.go:406.61,410.3 3 0
radgateway/internal/admin/providers.go:412.2,412.20 1 0
radgateway/internal/admin/providers.go:412.20,415.3 2 0
radgateway/internal/admin/providers.go:416.2,416.28 1 0
radgateway/internal/admin/providers.go:416.28,419.3 2 0
radgateway/internal/admin/providers.go:420.2,420.23 1 0
radgateway/internal/admin/providers.go:420.23,423.3 2 0
radgateway/internal/admin/providers.go:424.2,424.22 1 0
radgateway/internal/admin/providers.go:424.22,427.3 2 0
radgateway/internal/admin/providers.go:429.2,429.20 1 0
radgateway/internal/admin/providers.go:429.20,431.3 1 0
radgateway/internal/admin/providers.go:433.2,466.44 4 0
radgateway/internal/admin/providers.go:470.93,472.61 2 0
radgateway/internal/admin/providers.go:472.61,476.3 3 0
radgateway/internal/admin/providers.go:478.2,492.25 3 0
radgateway/internal/admin/providers.go:492.25,494.3 1 0
radgateway/internal/admin/providers.go:495.2,495.23 1 0
radgateway/internal/admin/providers.go:495.23,497.3 1 0
radgateway/internal/admin/providers.go:499.2,499.39 1 0
radgateway/internal/admin/providers.go:503.92,505.65 2 0
radgateway/internal/admin/providers.go:505.65,509.3 3 0
radgateway/internal/admin/providers.go:511.2,535.39 4 0
radgateway/internal/admin/providers.go:539.93,542.2 2 0
radgateway/internal/admin/providers.go:545.86,547.61 2 0
radgateway/internal/admin/providers.go:547.61,551.3 3 0
radgateway/internal/admin/providers.go:553.2,553.23 1 0
radgateway/internal/admin/providers.go:553.23,556.3 2 0
radgateway/internal/admin/providers.go:558.2,558.22 1 0
radgateway/internal/admin/providers.go:558.22,561.3 2 0
radgateway/internal/admin/providers.go:563.2,574.31 3 0
radgateway/internal/admin/providers.go:574.31,577.3 2 0
radgateway/internal/admin/providers.go:579.2,585.37 2 0
radgateway/internal/admin/providers.go:589.86,591.61 2 0
radgateway/internal/admin/providers.go:591.61,595.3 3 0
radgateway/internal/admin/providers.go:597.2,597.26 1 0
radgateway/internal/admin/providers.go:597.26,600.3 2 0
radgateway/internal/admin/providers.go:602.2,616.39 3 0
radgateway/internal/admin/providers.go:620.85,639.2 4 0
radgateway/internal/admin/providers.go:642.89,644.61 2 0
radgateway/internal/admin/providers.go:644.61,648.3 3 0
radgateway/internal/admin/providers.go:650.2,651.22 2 0
radgateway/internal/admin/providers.go:651.22,654.3 2 0
radgateway/internal/admin/providers.go:656.2,661.31 2 0
radgateway/internal/admin/providers.go:661.31,664.3 2 0
radgateway/internal/admin/providers.go:666.2,672.20 3 0
radgateway/internal/admin/providers.go:673.14,674.20 1 0
radgateway/internal/admin/providers.go:675.15,676.22 1 0
radgateway/internal/admin/providers.go:677.15,678.22 1 0
radgateway/internal/admin/providers.go:681.2,688.39 2 0
radgateway/internal/admin/providers.go:692.90,704.2 4 0
radgateway/internal/admin/providers.go:707.86,736.2 6 0
radgateway/internal/admin/providers.go:740.102,742.15 2 0
radgateway/internal/admin/providers.go:742.15,744.3 1 0
radgateway/internal/admin/providers.go:745.2,746.16 2 0
radgateway/internal/admin/providers.go:746.16,748.3 1 0
radgateway/internal/admin/providers.go:749.2,749.10 1 0
radgateway/internal/admin/quotas.go:157.38,161.2 1 0
radgateway/internal/admin/quotas.go:164.59,173.2 8 0
radgateway/internal/admin/quotas.go:175.77,176.18 1 0
radgateway/internal/admin/quotas.go:177.22,178.21 1 0
radgateway/internal/admin/quotas.go:179.23,180.22 1 0
radgateway/internal/admin/quotas.go:181.10,183.94 2 0
radgateway/internal/admin/quotas.go:187.82,189.105 2 0
radgateway/internal/admin/quotas.go:189.105,191.3 1 0
radgateway/internal/admin/quotas.go:193.2,193.18 1 0
radgateway/internal/admin/quotas.go:194.22,195.23 1 0
radgateway/internal/admin/quotas.go:196.22,197.26 1 0
radgateway/internal/admin/quotas.go:198.25,199.26 1 0
radgateway/internal/admin/quotas.go:200.24,201.25 1 0
radgateway/internal/admin/quotas.go:202.10,204.94 2 0
radgateway/internal/admin/quotas.go:208.84,209.33 1 0
radgateway/internal/admin/quotas.go:209.33,212.3 2 0
radgateway/internal/admin/quotas.go:213.2,213.25 1 0
radgateway/internal/admin/quotas.go:216.81,217.18 1 0
radgateway/internal/admin/quotas.go:218.23,219.21 1 0
radgateway/internal/admin/quotas.go:220.10,221.94 1 0
radgateway/internal/admin/quotas.go:225.82,226.18 1 0
radgateway/internal/admin/quotas.go:227.22,228.26 1 0
radgateway/internal/admin/quotas.go:229.23,230.27 1 0
radgateway/internal/admin/quotas.go:231.10,232.94 1 0
radgateway/internal/admin/quotas.go:236.87,238.14 2 0
radgateway/internal/admin/quotas.go:238.14,241.3 2 0
radgateway/internal/admin/quotas.go:243.2,243.18 1 0
radgateway/internal/admin/quotas.go:244.22,245.28 1 0
radgateway/internal/admin/quotas.go:246.25,247.31 1 0
radgateway/internal/admin/quotas.go:248.10,249.94 1 0
radgateway/internal/admin/quotas.go:253.81,254.32 1 0
radgateway/internal/admin/quotas.go:254.32,257.3 2 0
radgateway/internal/admin/quotas.go:258.2,258.23 1 0
radgateway/internal/admin/quotas.go:261.82,262.32 1 0
radgateway/internal/admin/quotas.go:262.32,265.3 2 0
radgateway/internal/admin/quotas.go:266.2,266.25 1 0
radgateway/internal/admin/quotas.go:270.75,332.27 10 0
radgateway/internal/admin/quotas.go:332.27,333.56 1 0
radgateway/internal/admin/quotas.go:333.56,334.12 1 0
radgateway/internal/admin/quotas.go:336.3,336.50 1 0
radgateway/internal/admin/quotas.go:336.50,337.12 1 0
radgateway/internal/admin/quotas.go:339.3,339.38 1 0
radgateway/internal/admin/quotas.go:339.38,340.12 1 0
radgateway/internal/admin/quotas.go:342.3,342.41 1 0
radgateway/internal/admin/quotas.go:342.41,343.12 1 0
radgateway/internal/admin/quotas.go:345.3,345.33 1 0
radgateway/internal/admin/quotas.go:348.2,351.19 4 0
radgateway/internal/admin/quotas.go:351.19,353.3 1 0
radgateway/internal/admin/quotas.go:354.2,354.17 1 0
radgateway/internal/admin/quotas.go:354.17,356.3 1 0
radgateway/internal/admin/quotas.go:358.2,366.39 2 0
radgateway/internal/admin/quotas.go:370.84,389.2 3 0
radgateway/internal/admin/quotas.go:392.76,394.61 2 0
radgateway/internal/admin/quotas.go:394.61,398.3 3 0
radgateway/internal/admin/quotas.go:400.2,400.20 1 0
radgateway/internal/admin/quotas.go:400.20,403.3 2 0
radgateway/internal/admin/quotas.go:404.2,404.25 1 0
radgateway/internal/admin/quotas.go:404.25,407.3 2 0
radgateway/internal/admin/quotas.go:408.2,408.22 1 0
radgateway/internal/admin/quotas.go:408.22,411.3 2 0
radgateway/internal/admin/quotas.go:412.2,412.25 1 0
radgateway/internal/admin/quotas.go:412.25,415.3 2 0
radgateway/internal/admin/quotas.go:417.2,438.41 3 0
radgateway/internal/admin/quotas.go:442.87,444.61 2 0
radgateway/internal/admin/quotas.go:444.61,448.3 3 0
radgateway/internal/admin/quotas.go:450.2,466.36 3 0
radgateway/internal/admin/quotas.go:470.86,472.65 2 0
radgateway/internal/admin/quotas.go:472.65,476.3 3 0
radgateway/internal/admin/quotas.go:478.2,493.36 3 0
radgateway/internal/admin/quotas.go:497.87,500.2 2 0
radgateway/internal/admin/quotas.go:503.80,505.61 2 0
radgateway/internal/admin/quotas.go:505.61,509.3 3 0
radgateway/internal/admin/quotas.go:511.2,511.23 1 0
radgateway/internal/admin/quotas.go:511.23,514.3 2 0
radgateway/internal/admin/quotas.go:516.2,516.22 1 0
radgateway/internal/admin/quotas.go:516.22,519.3 2 0
radgateway/internal/admin/quotas.go:521.2,531.31 3 0
radgateway/internal/admin/quotas.go:531.31,534.3 2 0
radgateway/internal/admin/quotas.go:536.2,542.37 2 0
radgateway/internal/admin/quotas.go:546.75,548.61 2 0
radgateway/internal/admin/quotas.go:548.61,552.3 3 0
radgateway/internal/admin/quotas.go:554.2,568.14 8 0
radgateway/internal/admin/quotas.go:568.14,570.3 1 0
radgateway/internal/admin/quotas.go:572.2,582.39 2 0
radgateway/internal/admin/quotas.go:586.80,625.32 9 0
radgateway/internal/admin/quotas.go:625.32,626.44 1 0
radgateway/internal/admin/quotas.go:626.44,627.12 1 0
radgateway/internal/admin/quotas.go:629.3,629.59 1 0
radgateway/internal/admin/quotas.go:629.59,630.12 1 0
radgateway/internal/admin/quotas.go:632.3,632.53 1 0
radgateway/internal/admin/quotas.go:632.53,633.12 1 0
radgateway/internal/admin/quotas.go:635.3,635.33 1 0
radgateway/internal/admin/quotas.go:638.2,641.19 4 0
radgateway/internal/admin/quotas.go:641.19,643.3 1 0
radgateway/internal/admin/quotas.go:644.2,644.17 1 0
radgateway/internal/admin/quotas.go:644.17,646.3 1 0
radgateway/internal/admin/quotas.go:648.2,656.39 2 0
radgateway/internal/admin/quotas.go:660.89,678.2 3 0
radgateway/internal/admin/quotas.go:681.81,683.61 2 0
radgateway/internal/admin/quotas.go:683.61,687.3 3 0
radgateway/internal/admin/quotas.go:689.2,689.23 1 0
radgateway/internal/admin/quotas.go:689.23,692.3 2 0
radgateway/internal/admin/quotas.go:693.2,693.28 1 0
radgateway/internal/admin/quotas.go:693.28,696.3 2 0
radgateway/internal/admin/quotas.go:697.2,697.26 1 0
radgateway/internal/admin/quotas.go:697.26,700.3 2 0
radgateway/internal/admin/quotas.go:702.2,724.46 4 0
radgateway/internal/admin/quotas.go:728.92,731.2 2 0
radgateway/internal/admin/quotas.go:734.78,779.27 7 0
radgateway/internal/admin/quotas.go:779.27,780.44 1 0
radgateway/internal/admin/quotas.go:780.44,781.12 1 0
radgateway/internal/admin/quotas.go:783.3,783.59 1 0
radgateway/internal/admin/quotas.go:783.59,784.12 1 0
radgateway/internal/admin/quotas.go:786.3,786.53 1 0
radgateway/internal/admin/quotas.go:786.53,787.12 1 0
radgateway/internal/admin/quotas.go:789.3,789.33 1 0
radgateway/internal/admin/quotas.go:792.2,794.4 1 0
radgateway/internal/admin/quotas.go:798.80,824.19 8 0
radgateway/internal/admin/quotas.go:824.19,826.3 1 0
radgateway/internal/admin/quotas.go:827.2,827.17 1 0
radgateway/internal/admin/quotas.go:827.17,829.3 1 0
radgateway/internal/admin/quotas.go:831.2,839.39 2 0
radgateway/internal/admin/usage.go:132.38,136.2 1 0
radgateway/internal/admin/usage.go:139.59,146.2 6 0
radgateway/internal/admin/usage.go:148.76,149.18 1 0
radgateway/internal/admin/usage.go:150.22,151.21 1 0
radgateway/internal/admin/usage.go:152.23,153.24 1 0
radgateway/internal/admin/usage.go:154.10,156.94 2 0
radgateway/internal/admin/usage.go:160.78,161.32 1 0
radgateway/internal/admin/usage.go:161.32,164.3 2 0
radgateway/internal/admin/usage.go:165.2,165.20 1 0
radgateway/internal/admin/usage.go:168.77,169.32 1 0
radgateway/internal/admin/usage.go:169.32,172.3 2 0
radgateway/internal/admin/usage.go:173.2,173.19 1 0
radgateway/internal/admin/usage.go:176.78,177.32 1 0
radgateway/internal/admin/usage.go:177.32,180.3 2 0
radgateway/internal/admin/usage.go:181.2,181.20 1 0
radgateway/internal/admin/usage.go:184.77,185.18 1 0
radgateway/internal/admin/usage.go:186.23,187.23 1 0
radgateway/internal/admin/usage.go:188.10,189.94 1 0
radgateway/internal/admin/usage.go:193.83,194.32 1 0
radgateway/internal/admin/usage.go:194.32,197.3 2 0
radgateway/internal/admin/usage.go:198.2,199.35 2 0
radgateway/internal/admin/usage.go:203.75,207.20 4 0
radgateway/internal/admin/usage.go:207.20,209.3 1 0
radgateway/internal/admin/usage.go:211.2,229.19 7 0
radgateway/internal/admin/usage.go:229.19,231.3 1 0
radgateway/internal/admin/usage.go:232.2,232.17 1 0
radgateway/internal/admin/usage.go:232.17,234.3 1 0
radgateway/internal/admin/usage.go:236.2,247.39 3 0
radgateway/internal/admin/usage.go:251.78,253.61 2 0
radgateway/internal/admin/usage.go:253.61,257.3 3 0
radgateway/internal/admin/usage.go:259.2,278.26 4 0
radgateway/internal/admin/usage.go:278.26,280.3 1 0
radgateway/internal/admin/usage.go:282.2,291.39 3 0
radgateway/internal/admin/usage.go:295.75,299.21 4 0
radgateway/internal/admin/usage.go:299.21,301.3 1 0
radgateway/internal/admin/usage.go:303.2,309.19 5 0
radgateway/internal/admin/usage.go:309.19,311.3 1 0
radgateway/internal/admin/usage.go:312.2,312.17 1 0
radgateway/internal/admin/usage.go:312.17,314.3 1 0
radgateway/internal/admin/usage.go:316.2,326.39 3 0
radgateway/internal/admin/usage.go:330.74,334.20 4 0
radgateway/internal/admin/usage.go:334.20,336.3 1 0
radgateway/internal/admin/usage.go:338.2,339.31 2 0
radgateway/internal/admin/usage.go:339.31,341.3 1 0
radgateway/internal/admin/usage.go:343.2,358.39 4 0
radgateway/internal/admin/usage.go:362.75,371.2 5 0
radgateway/internal/admin/usage.go:374.77,376.61 2 0
radgateway/internal/admin/usage.go:376.61,380.3 3 0
radgateway/internal/admin/usage.go:382.2,382.22 1 0
radgateway/internal/admin/usage.go:382.22,384.3 1 0
radgateway/internal/admin/usage.go:386.2,387.31 2 0
radgateway/internal/admin/usage.go:387.31,390.3 2 0
radgateway/internal/admin/usage.go:392.2,410.45 6 0
radgateway/internal/admin/usage.go:414.97,429.2 5 0
radgateway/internal/admin/usage.go:433.86,443.26 7 0
radgateway/internal/admin/usage.go:443.26,473.75 8 0
radgateway/internal/admin/usage.go:473.75,474.12 1 0
radgateway/internal/admin/usage.go:476.3,476.95 1 0
radgateway/internal/admin/usage.go:476.95,477.12 1 0
radgateway/internal/admin/usage.go:479.3,479.103 1 0
radgateway/internal/admin/usage.go:479.103,480.12 1 0
radgateway/internal/admin/usage.go:482.3,482.99 1 0
radgateway/internal/admin/usage.go:482.99,483.12 1 0
radgateway/internal/admin/usage.go:486.3,486.36 1 0
radgateway/internal/admin/usage.go:489.2,489.16 1 0
radgateway/internal/admin/usage.go:492.85,498.28 5 0
radgateway/internal/admin/usage.go:498.28,502.23 4 0
radgateway/internal/admin/usage.go:502.23,504.4 1 0
radgateway/internal/admin/usage.go:505.3,506.36 2 0
radgateway/internal/admin/usage.go:506.36,508.4 1 0
radgateway/internal/admin/usage.go:508.9,510.4 1 0
radgateway/internal/admin/usage.go:513.2,515.15 3 0
radgateway/internal/admin/usage.go:515.15,517.3 1 0
radgateway/internal/admin/usage.go:519.2,520.15 2 0
radgateway/internal/admin/usage.go:520.15,522.3 1 0
radgateway/internal/admin/usage.go:524.2,534.3 1 0
radgateway/internal/admin/usage.go:541.22,545.33 2 0
radgateway/internal/admin/usage.go:545.33,546.31 1 0
radgateway/internal/admin/usage.go:546.31,548.15 2 0
radgateway/internal/admin/usage.go:549.23,550.31 1 0
radgateway/internal/admin/usage.go:551.22,552.33 1 0
radgateway/internal/admin/usage.go:552.33,554.6 1 0
radgateway/internal/admin/usage.go:555.17,556.36 1 0
radgateway/internal/admin/usage.go:556.36,558.6 1 0
radgateway/internal/admin/usage.go:559.15,560.31 1 0
radgateway/internal/admin/usage.go:561.18,562.34 1 0
radgateway/internal/admin/usage.go:565.4,565.19 1 0
radgateway/internal/admin/usage.go:565.19,566.13 1 0
radgateway/internal/admin/usage.go:569.4,569.30 1 0
radgateway/internal/admin/usage.go:569.30,571.5 1 0
radgateway/internal/admin/usage.go:573.4,576.26 4 0
radgateway/internal/admin/usage.go:576.26,578.5 1 0
radgateway/internal/admin/usage.go:581.4,585.29 5 0
radgateway/internal/admin/usage.go:585.29,587.5 1 0
radgateway/internal/admin/usage.go:589.4,589.32 1 0
radgateway/internal/admin/usage.go:594.2,595.36 2 0
radgateway/internal/admin/usage.go:595.36,596.30 1 0
radgateway/internal/admin/usage.go:596.30,598.4 1 0
radgateway/internal/admin/usage.go:601.2,601.15 1 0
radgateway/internal/admin/usage.go:604.101,609.18 4 0
radgateway/internal/admin/usage.go:610.16,611.21 1 0
radgateway/internal/admin/usage.go:612.13,613.24 1 0
radgateway/internal/admin/usage.go:614.10,615.19 1 0
radgateway/internal/admin/usage.go:618.2,619.21 2 0
radgateway/internal/admin/usage.go:619.21,621.3 1 0
radgateway/internal/admin/usage.go:623.2,623.33 1 0
radgateway/internal/admin/usage.go:623.33,633.3 2 0
radgateway/internal/admin/usage.go:635.2,635.15 1 0
radgateway/internal/admin/usage.go:649.70,658.58 2 0
radgateway/internal/admin/usage.go:658.58,660.17 2 0
radgateway/internal/admin/usage.go:660.17,662.4 1 0
radgateway/internal/admin/usage.go:664.2,664.52 1 0
radgateway/internal/admin/usage.go:664.52,666.17 2 0
radgateway/internal/admin/usage.go:666.17,668.4 1 0
radgateway/internal/admin/usage.go:671.2,671.15 1 0
radgateway/internal/admin/usage.go:674.99,676.15 2 0
radgateway/internal/admin/usage.go:676.15,678.3 1 0
radgateway/internal/admin/usage.go:679.2,680.16 2 0
radgateway/internal/admin/usage.go:680.16,682.3 1 0
radgateway/internal/admin/usage.go:683.2,683.10 1 0
radgateway/internal/admin/usage.go:686.35,687.25 1 0
radgateway/internal/admin/usage.go:688.13,689.13 1 0
radgateway/internal/admin/usage.go:690.15,691.20 1 0
radgateway/internal/admin/usage.go:692.11,693.20 1 0
radgateway/internal/admin/usage.go:694.10,695.11 1 0
radgateway/internal/admin/usage.go:699.39,700.25 1 0
radgateway/internal/admin/usage.go:701.15,702.13 1 0
radgateway/internal/admin/usage.go:703.13,704.22 1 0
radgateway/internal/admin/usage.go:705.11,706.22 1 0
radgateway/internal/admin/usage.go:707.10,708.11 1 0
radgateway/internal/a2a/handlers.go:20.45,25.2 1 0
radgateway/internal/a2a/handlers.go:28.49,32.2 3 0
radgateway/internal/a2a/handlers.go:35.77,36.18 1 0
radgateway/internal/a2a/handlers.go:37.22,38.25 1 0
radgateway/internal/a2a/handlers.go:39.23,40.26 1 0
radgateway/internal/a2a/handlers.go:41.10,43.78 2 0
radgateway/internal/a2a/handlers.go:48.80,53.14 3 0
radgateway/internal/a2a/handlers.go:53.14,57.3 3 0
radgateway/internal/a2a/handlers.go:59.2,59.18 1 0
radgateway/internal/a2a/handlers.go:60.22,61.27 1 0
radgateway/internal/a2a/handlers.go:62.22,63.30 1 0
radgateway/internal/a2a/handlers.go:64.25,65.30 1 0
radgateway/internal/a2a/handlers.go:66.10,68.78 2 0
radgateway/internal/a2a/handlers.go:73.84,75.32 1 0
radgateway/internal/a2a/handlers.go:75.32,79.3 3 0
radgateway/internal/a2a/handlers.go:82.2,84.49 3 0
radgateway/internal/a2a/handlers.go:84.49,88.3 3 0
radgateway/internal/a2a/handlers.go:90.2,91.21 2 0
radgateway/internal/a2a/handlers.go:91.21,95.3 3 0
radgateway/internal/a2a/handlers.go:97.2,97.42 1 0
radgateway/internal/a2a/handlers.go:101.76,103.61 2 0
radgateway/internal/a2a/handlers.go:103.61,108.3 4 0
radgateway/internal/a2a/handlers.go:111.2,111.63 1 0
radgateway/internal/a2a/handlers.go:111.63,115.3 3 0
radgateway/internal/a2a/handlers.go:117.2,126.57 2 0
radgateway/internal/a2a/handlers.go:126.57,131.3 4 0
radgateway/internal/a2a/handlers.go:133.2,137.33 4 0
radgateway/internal/a2a/handlers.go:141.84,143.16 2 0
radgateway/internal/a2a/handlers.go:143.16,148.3 4 0
radgateway/internal/a2a/handlers.go:150.2,151.33 2 0
radgateway/internal/a2a/handlers.go:155.75,158.23 2 0
radgateway/internal/a2a/handlers.go:158.23,162.3 3 0
radgateway/internal/a2a/handlers.go:164.2,164.44 1 0
radgateway/internal/a2a/handlers.go:168.100,170.16 2 0
radgateway/internal/a2a/handlers.go:170.16,175.3 4 0
radgateway/internal/a2a/handlers.go:178.2,178.18 1 0
radgateway/internal/a2a/handlers.go:178.18,180.3 1 0
radgateway/internal/a2a/handlers.go:182.2,188.4 2 0
radgateway/internal/a2a/handlers.go:192.87,194.61 2 0
radgateway/internal/a2a/handlers.go:194.61,199.3 4 0
radgateway/internal/a2a/handlers.go:202.2,203.16 2 0
radgateway/internal/a2a/handlers.go:203.16,208.3 4 0
radgateway/internal/a2a/handlers.go:211.2,211.21 1 0
radgateway/internal/a2a/handlers.go:211.21,213.3 1 0
radgateway/internal/a2a/handlers.go:214.2,214.28 1 0
radgateway/internal/a2a/handlers.go:214.28,216.3 1 0
radgateway/internal/a2a/handlers.go:217.2,217.21 1 0
radgateway/internal/a2a/handlers.go:217.21,219.3 1 0
radgateway/internal/a2a/handlers.go:220.2,220.23 1 0
radgateway/internal/a2a/handlers.go:220.23,222.3 1 0
radgateway/internal/a2a/handlers.go:224.2,224.57 1 0
radgateway/internal/a2a/handlers.go:224.57,229.3 4 0
radgateway/internal/a2a/handlers.go:231.2,234.33 3 0
radgateway/internal/a2a/handlers.go:238.87,239.55 1 0
radgateway/internal/a2a/handlers.go:239.55,244.3 4 0
radgateway/internal/a2a/handlers.go:246.2,248.37 2 0
radgateway/internal/a2a/handlers.go:253.80,254.54 1 0
radgateway/internal/a2a/handlers.go:254.54,255.33 1 0
radgateway/internal/a2a/handlers.go:255.33,259.4 3 0
radgateway/internal/a2a/handlers.go:261.3,262.17 2 0
radgateway/internal/a2a/handlers.go:262.17,267.4 4 0
radgateway/internal/a2a/handlers.go:269.3,270.34 2 0
radgateway/internal/a2a/handlers.go:275.51,276.54 1 0
radgateway/internal/a2a/handlers.go:276.54,283.3 3 0
radgateway/internal/a2a/models.go:134.40,135.33 1 0
radgateway/internal/a2a/models.go:136.81,137.14 1 0
radgateway/internal/a2a/models.go:139.2,139.14 1 0
radgateway/internal/a2a/models.go:143.54,144.22 1 0
radgateway/internal/a2a/models.go:144.22,146.3 1 0
radgateway/internal/a2a/models.go:147.2,148.54 2 0
radgateway/internal/a2a/models.go:148.54,150.3 1 0
radgateway/internal/a2a/models.go:151.2,151.19 1 0
radgateway/internal/a2a/models.go:155.53,157.16 2 0
radgateway/internal/a2a/models.go:157.16,159.3 1 0
radgateway/internal/a2a/models.go:160.2,161.12 2 0
radgateway/internal/a2a/repository.go:18.26,20.40 2 1
radgateway/internal/a2a/repository.go:20.40,23.3 1 0
radgateway/internal/a2a/repository.go:24.2,24.30 1 1
radgateway/internal/a2a/repository.go:72.102,73.16 1 1
radgateway/internal/a2a/repository.go:73.16,75.3 1 0
radgateway/internal/a2a/repository.go:76.2,80.3 1 1
radgateway/internal/a2a/repository.go:84.121,90.41 2 0
radgateway/internal/a2a/repository.go:90.41,92.3 1 0
radgateway/internal/a2a/repository.go:94.2,94.82 1 0
radgateway/internal/a2a/repository.go:98.97,101.33 2 1
radgateway/internal/a2a/repository.go:101.33,104.3 2 1
radgateway/internal/a2a/repository.go:105.2,105.16 1 1
radgateway/internal/a2a/repository.go:105.16,108.3 1 1
radgateway/internal/a2a/repository.go:111.2,121.16 5 1
radgateway/internal/a2a/repository.go:121.16,122.36 1 1
radgateway/internal/a2a/repository.go:122.36,124.4 1 1
radgateway/internal/a2a/repository.go:125.3,125.62 1 0
radgateway/internal/a2a/repository.go:129.2,131.18 2 1
radgateway/internal/a2a/repository.go:135.110,138.33 2 1
radgateway/internal/a2a/repository.go:138.33,141.3 2 0
radgateway/internal/a2a/repository.go:142.2,142.16 1 1
radgateway/internal/a2a/repository.go:142.16,144.3 1 0
radgateway/internal/a2a/repository.go:147.2,157.16 4 1
radgateway/internal/a2a/repository.go:157.16,159.3 1 0
radgateway/internal/a2a/repository.go:160.2,163.18 3 1
radgateway/internal/a2a/repository.go:163.18,165.17 2 1
radgateway/internal/a2a/repository.go:165.17,167.4 1 0
radgateway/internal/a2a/repository.go:168.3,168.31 1 1
radgateway/internal/a2a/repository.go:171.2,171.35 1 1
radgateway/internal/a2a/repository.go:171.35,173.3 1 0
radgateway/internal/a2a/repository.go:176.2,178.19 2 1
radgateway/internal/a2a/repository.go:182.88,185.16 2 1
radgateway/internal/a2a/repository.go:185.16,187.3 1 0
radgateway/internal/a2a/repository.go:188.2,191.19 2 1
radgateway/internal/a2a/repository.go:191.19,193.3 1 1
radgateway/internal/a2a/repository.go:195.2,203.23 5 1
radgateway/internal/a2a/repository.go:203.23,205.3 1 1
radgateway/internal/a2a/repository.go:206.2,206.23 1 1
radgateway/internal/a2a/repository.go:206.23,208.3 1 1
radgateway/internal/a2a/repository.go:210.2,224.16 2 1
radgateway/internal/a2a/repository.go:224.16,226.3 1 0
radgateway/internal/a2a/repository.go:229.2,229.36 1 1
radgateway/internal/a2a/repository.go:229.36,231.3 1 0
radgateway/internal/a2a/repository.go:234.2,237.74 2 1
radgateway/internal/a2a/repository.go:237.74,239.3 1 0
radgateway/internal/a2a/repository.go:241.2,242.12 2 1
radgateway/internal/a2a/repository.go:246.88,249.16 2 1
radgateway/internal/a2a/repository.go:249.16,251.3 1 0
radgateway/internal/a2a/repository.go:254.2,255.16 2 1
radgateway/internal/a2a/repository.go:255.16,257.3 1 0
radgateway/internal/a2a/repository.go:258.2,279.16 6 1
radgateway/internal/a2a/repository.go:279.16,281.3 1 0
radgateway/internal/a2a/repository.go:283.2,284.16 2 1
radgateway/internal/a2a/repository.go:284.16,286.3 1 0
radgateway/internal/a2a/repository.go:287.2,287.15 1 1
radgateway/internal/a2a/repository.go:287.15,289.3 1 0
radgateway/internal/a2a/repository.go:292.2,292.36 1 1
radgateway/internal/a2a/repository.go:292.36,294.3 1 0
radgateway/internal/a2a/repository.go:297.2,297.83 1 1
radgateway/internal/a2a/repository.go:297.83,299.3 1 0
radgateway/internal/a2a/repository.go:302.2,302.46 1 1
radgateway/internal/a2a/repository.go:302.46,303.75 1 0
radgateway/internal/a2a/repository.go:303.75,305.4 1 0
radgateway/internal/a2a/repository.go:308.2,309.12 2 1
radgateway/internal/a2a/repository.go:313.82,316.16 2 1
radgateway/internal/a2a/repository.go:316.16,318.3 1 0
radgateway/internal/a2a/repository.go:321.2,322.16 2 1
radgateway/internal/a2a/repository.go:322.16,324.3 1 0
radgateway/internal/a2a/repository.go:325.2,330.16 4 1
radgateway/internal/a2a/repository.go:330.16,332.3 1 0
radgateway/internal/a2a/repository.go:334.2,335.16 2 1
radgateway/internal/a2a/repository.go:335.16,337.3 1 0
radgateway/internal/a2a/repository.go:338.2,338.15 1 1
radgateway/internal/a2a/repository.go:338.15,340.3 1 0
radgateway/internal/a2a/repository.go:343.2,343.36 1 1
radgateway/internal/a2a/repository.go:343.36,345.3 1 0
radgateway/internal/a2a/repository.go:348.2,348.78 1 1
radgateway/internal/a2a/repository.go:348.78,350.3 1 0
radgateway/internal/a2a/repository.go:352.2,353.12 2 1
radgateway/internal/a2a/repository.go:357.114,369.16 4 1
radgateway/internal/a2a/repository.go:369.16,370.36 1 0
radgateway/internal/a2a/repository.go:370.36,372.4 1 0
radgateway/internal/a2a/repository.go:373.3,373.70 1 0
radgateway/internal/a2a/repository.go:376.2,376.18 1 1
radgateway/internal/a2a/repository.go:380.85,400.16 6 1
radgateway/internal/a2a/repository.go:400.16,402.3 1 1
radgateway/internal/a2a/repository.go:404.2,404.18 1 1
radgateway/internal/a2a/repository.go:404.18,406.3 1 0
radgateway/internal/a2a/repository.go:407.2,407.23 1 1
radgateway/internal/a2a/repository.go:407.23,409.3 1 0
radgateway/internal/a2a/repository.go:410.2,410.21 1 1
radgateway/internal/a2a/repository.go:410.21,412.3 1 1
radgateway/internal/a2a/repository.go:414.2,414.19 1 1
radgateway/internal/a2a/repository.go:418.95,438.16 6 1
radgateway/internal/a2a/repository.go:438.16,440.3 1 0
radgateway/internal/a2a/repository.go:442.2,442.18 1 1
radgateway/internal/a2a/repository.go:442.18,444.3 1 0
radgateway/internal/a2a/repository.go:445.2,445.23 1 1
radgateway/internal/a2a/repository.go:445.23,447.3 1 0
radgateway/internal/a2a/repository.go:448.2,448.21 1 1
radgateway/internal/a2a/repository.go:448.21,450.3 1 1
radgateway/internal/a2a/repository.go:452.2,452.19 1 1
radgateway/internal/a2a/repository.go:456.90,457.12 1 1
radgateway/internal/a2a/repository.go:457.12,461.77 3 1
radgateway/internal/a2a/repository.go:461.77,463.4 1 0
radgateway/internal/a2a/repository.go:468.118,469.12 1 1
radgateway/internal/a2a/repository.go:469.12,473.92 3 1
radgateway/internal/a2a/repository.go:473.92,475.4 1 0
radgateway/internal/logger/logger.go:26.29,33.2 1 1
radgateway/internal/logger/logger.go:36.23,37.17 1 1
radgateway/internal/logger/logger.go:37.17,39.20 2 1
radgateway/internal/logger/logger.go:40.16,41.27 1 1
radgateway/internal/logger/logger.go:42.15,43.26 1 1
radgateway/internal/logger/logger.go:44.15,45.26 1 0
radgateway/internal/logger/logger.go:46.16,47.27 1 0
radgateway/internal/logger/logger.go:48.11,49.26 1 0
radgateway/internal/logger/logger.go:52.3,58.27 3 1
radgateway/internal/logger/logger.go:58.27,60.4 1 1
radgateway/internal/logger/logger.go:60.9,62.4 1 1
radgateway/internal/logger/logger.go:64.3,65.28 2 1
radgateway/internal/logger/logger.go:70.25,71.21 1 1
radgateway/internal/logger/logger.go:71.21,73.3 1 0
radgateway/internal/logger/logger.go:74.2,74.17 1 1
radgateway/internal/logger/logger.go:78.37,80.2 1 1
radgateway/internal/logger/logger.go:83.36,85.2 1 1
radgateway/internal/logger/logger.go:88.36,90.2 1 1
radgateway/internal/logger/logger.go:93.48,94.16 1 1
radgateway/internal/logger/logger.go:94.16,96.3 1 0
radgateway/internal/logger/logger.go:97.2,97.27 1 1
radgateway/internal/logger/logger.go:101.51,103.2 1 1
radgateway/internal/logger/logger.go:106.51,108.2 1 1
radgateway/internal/logger/logger.go:111.44,112.38 1 1
radgateway/internal/logger/logger.go:112.38,114.3 1 0
radgateway/internal/logger/logger.go:115.2,115.19 1 1
radgateway/internal/config/config.go:27.20,35.30 5 0
radgateway/internal/config/config.go:35.30,37.17 2 0
radgateway/internal/config/config.go:37.17,39.4 1 0
radgateway/internal/config/config.go:39.9,43.51 3 0
radgateway/internal/config/config.go:43.51,46.5 2 0
radgateway/internal/config/config.go:46.10,48.5 1 0
radgateway/internal/config/config.go:52.2,63.3 4 0
radgateway/internal/config/config.go:66.43,73.2 1 0
radgateway/internal/config/config.go:75.57,79.19 2 0
radgateway/internal/config/config.go:79.19,84.31 4 0
radgateway/internal/config/config.go:84.31,87.4 2 0
radgateway/internal/config/config.go:88.3,88.93 1 0
radgateway/internal/config/config.go:92.2,93.15 2 0
radgateway/internal/config/config.go:93.15,95.3 1 0
radgateway/internal/config/config.go:96.2,96.23 1 0
radgateway/internal/config/config.go:100.46,103.29 3 0
radgateway/internal/config/config.go:103.29,105.19 2 0
radgateway/internal/config/config.go:105.19,106.12 1 0
radgateway/internal/config/config.go:108.3,110.33 3 0
radgateway/internal/config/config.go:110.33,112.4 1 0
radgateway/internal/config/config.go:114.2,114.12 1 0
radgateway/internal/config/config.go:117.47,127.2 1 0
radgateway/internal/config/config.go:129.40,131.13 2 0
radgateway/internal/config/config.go:131.13,133.3 1 0
radgateway/internal/config/config.go:134.2,134.10 1 0
radgateway/internal/config/config.go:137.44,139.15 2 0
radgateway/internal/config/config.go:139.15,141.3 1 0
radgateway/internal/config/config.go:142.2,143.25 2 0
radgateway/internal/config/config.go:143.25,145.3 1 0
radgateway/internal/config/config.go:146.2,146.10 1 0
radgateway/internal/core/gateway.go:24.90,31.2 1 1
radgateway/internal/core/gateway.go:33.140,43.16 8 1
radgateway/internal/core/gateway.go:43.16,58.3 3 0
radgateway/internal/core/gateway.go:60.2,75.44 3 1
radgateway/internal/repository/repository.go:15.44,17.2 1 0
radgateway/internal/repository/repository.go:20.45,22.2 1 0
radgateway/internal/repository/repository.go:25.58,27.2 1 0
radgateway/internal/repository/repository.go:30.48,32.2 1 0
radgateway/internal/repository/repository.go:35.48,37.2 1 0
radgateway/internal/repository/repository.go:40.60,42.2 1 0
radgateway/internal/repository/repository.go:45.46,47.2 1 0
radgateway/internal/repository/repository.go:50.56,52.2 1 0
radgateway/internal/repository/repository.go:55.62,57.2 1 0
radgateway/internal/repository/repository.go:60.52,62.2 1 0
radgateway/internal/repository/repository.go:65.50,67.2 1 0
radgateway/internal/repository/repository.go:70.62,72.2 1 0
radgateway/internal/repository/repository.go:75.60,77.2 1 0
radgateway/internal/repository/repository.go:80.54,82.2 1 0
radgateway/internal/repository/repository.go:85.36,87.2 1 0
radgateway/internal/repository/repository.go:90.44,92.2 1 0
radgateway/internal/repository/repository.go:95.45,97.2 1 0
radgateway/internal/repository/repository.go:104.56,106.16 2 0
radgateway/internal/repository/repository.go:106.16,108.3 1 0
radgateway/internal/repository/repository.go:109.2,109.27 1 0
radgateway/internal/routing/router.go:34.108,41.2 1 1
radgateway/internal/routing/router.go:43.92,45.26 2 1
radgateway/internal/routing/router.go:45.26,47.3 1 0
radgateway/internal/routing/router.go:49.2,50.41 2 1
radgateway/internal/routing/router.go:50.41,52.3 1 0
radgateway/internal/routing/router.go:54.2,55.55 2 1
radgateway/internal/routing/router.go:55.55,57.3 1 0
radgateway/internal/routing/router.go:59.2,60.36 2 1
radgateway/internal/routing/router.go:60.36,63.17 3 1
radgateway/internal/routing/router.go:63.17,65.12 2 1
radgateway/internal/routing/router.go:68.3,69.17 2 1
radgateway/internal/routing/router.go:69.17,71.12 2 0
radgateway/internal/routing/router.go:73.3,74.54 2 1
radgateway/internal/routing/router.go:77.2,77.76 1 1
radgateway/internal/trace/trace.go:21.31,22.14 1 0
radgateway/internal/trace/trace.go:22.14,24.3 1 0
radgateway/internal/trace/trace.go:25.2,25.56 1 0
radgateway/internal/trace/trace.go:28.30,31.28 3 0
radgateway/internal/trace/trace.go:31.28,33.3 1 0
radgateway/internal/trace/trace.go:34.2,34.32 1 0
radgateway/internal/trace/trace.go:37.41,40.41 3 0
radgateway/internal/trace/trace.go:40.41,42.3 1 0
radgateway/internal/trace/trace.go:43.2,44.60 2 0
radgateway/internal/trace/trace.go:44.60,46.3 1 0
radgateway/internal/trace/trace.go:47.2,47.12 1 0
radgateway/internal/middleware/cors.go:36.37,67.2 1 1
radgateway/internal/middleware/cors.go:76.39,81.2 1 1
radgateway/internal/middleware/cors.go:84.56,85.71 1 1
radgateway/internal/middleware/cors.go:85.71,89.33 2 1
radgateway/internal/middleware/cors.go:89.33,93.4 3 1
radgateway/internal/middleware/cors.go:96.3,99.37 2 1
radgateway/internal/middleware/cors.go:99.37,103.4 3 1
radgateway/internal/middleware/cors.go:105.3,105.23 1 1
radgateway/internal/middleware/cors.go:110.52,112.18 1 1
radgateway/internal/middleware/cors.go:112.18,114.3 1 1
radgateway/internal/middleware/cors.go:117.2,117.50 1 1
radgateway/internal/middleware/cors.go:117.50,118.21 1 1
radgateway/internal/middleware/cors.go:118.21,120.4 1 1
radgateway/internal/middleware/cors.go:121.3,121.41 1 1
radgateway/internal/middleware/cors.go:121.41,123.4 1 1
radgateway/internal/middleware/cors.go:126.2,126.14 1 1
radgateway/internal/middleware/cors.go:130.65,132.58 1 1
radgateway/internal/middleware/cors.go:132.58,134.3 1 1
radgateway/internal/middleware/cors.go:134.8,138.3 2 1
radgateway/internal/middleware/cors.go:141.2,141.38 1 1
radgateway/internal/middleware/cors.go:141.38,143.3 1 1
radgateway/internal/middleware/cors.go:146.2,146.38 1 1
radgateway/internal/middleware/cors.go:146.38,148.3 1 1
radgateway/internal/middleware/cors.go:151.2,151.38 1 1
radgateway/internal/middleware/cors.go:151.38,153.3 1 1
radgateway/internal/middleware/cors.go:156.2,156.31 1 1
radgateway/internal/middleware/cors.go:156.31,158.3 1 1
radgateway/internal/middleware/cors.go:161.2,161.25 1 1
radgateway/internal/middleware/cors.go:161.25,163.3 1 1
radgateway/internal/middleware/cors.go:167.47,169.2 1 0
radgateway/internal/middleware/cors_production.go:12.63,15.40 2 0
radgateway/internal/middleware/cors_production.go:15.40,16.36 1 0
radgateway/internal/middleware/cors_production.go:16.36,18.4 1 0
radgateway/internal/middleware/cors_production.go:21.2,50.3 1 0
radgateway/internal/middleware/cors_production.go:56.59,70.2 4 0
radgateway/internal/middleware/cors_production.go:74.41,75.18 1 0
radgateway/internal/middleware/cors_production.go:75.18,77.3 1 0
radgateway/internal/middleware/cors_production.go:79.2,83.50 2 0
radgateway/internal/middleware/cors_production.go:83.50,85.3 1 0
radgateway/internal/middleware/cors_production.go:88.2,88.44 1 0
radgateway/internal/middleware/cors_production.go:88.44,90.3 1 0
radgateway/internal/middleware/cors_production.go:93.2,104.37 2 0
radgateway/internal/middleware/cors_production.go:104.37,105.40 1 0
radgateway/internal/middleware/cors_production.go:105.40,107.4 1 0
radgateway/internal/middleware/cors_production.go:110.2,110.13 1 0
radgateway/internal/middleware/cors_production.go:114.55,117.40 2 0
radgateway/internal/middleware/cors_production.go:117.40,118.29 1 0
radgateway/internal/middleware/cors_production.go:118.29,120.4 1 0
radgateway/internal/middleware/cors_production.go:123.2,123.52 1 0
radgateway/internal/middleware/cors_production.go:127.51,129.2 1 0
radgateway/internal/middleware/cors_production.go:133.40,142.2 1 0
radgateway/internal/middleware/cors_production.go:145.38,150.2 1 0
radgateway/internal/middleware/middleware.go:30.62,32.25 2 1
radgateway/internal/middleware/middleware.go:32.25,34.3 1 1
radgateway/internal/middleware/middleware.go:35.2,38.3 1 1
radgateway/internal/middleware/middleware.go:41.65,42.71 1 1
radgateway/internal/middleware/middleware.go:42.71,44.19 2 1
radgateway/internal/middleware/middleware.go:44.19,48.4 3 0
radgateway/internal/middleware/middleware.go:50.3,51.28 2 1
radgateway/internal/middleware/middleware.go:51.28,52.19 1 1
radgateway/internal/middleware/middleware.go:52.19,54.10 2 1
radgateway/internal/middleware/middleware.go:57.3,57.17 1 1
radgateway/internal/middleware/middleware.go:57.17,61.4 3 1
radgateway/internal/middleware/middleware.go:63.3,67.40 4 1
radgateway/internal/middleware/middleware.go:73.78,74.71 1 0
radgateway/internal/middleware/middleware.go:74.71,79.19 2 0
radgateway/internal/middleware/middleware.go:79.19,81.4 1 0
radgateway/internal/middleware/middleware.go:83.3,83.19 1 0
radgateway/internal/middleware/middleware.go:83.19,87.4 3 0
radgateway/internal/middleware/middleware.go:89.3,90.28 2 0
radgateway/internal/middleware/middleware.go:90.28,91.19 1 0
radgateway/internal/middleware/middleware.go:91.19,93.10 2 0
radgateway/internal/middleware/middleware.go:96.3,96.17 1 0
radgateway/internal/middleware/middleware.go:96.17,100.4 3 0
radgateway/internal/middleware/middleware.go:102.3,106.40 4 0
radgateway/internal/middleware/middleware.go:110.57,112.71 2 1
radgateway/internal/middleware/middleware.go:112.71,114.18 2 1
radgateway/internal/middleware/middleware.go:114.18,116.4 1 1
radgateway/internal/middleware/middleware.go:117.3,118.20 2 1
radgateway/internal/middleware/middleware.go:118.20,120.4 1 1
radgateway/internal/middleware/middleware.go:121.3,121.20 1 1
radgateway/internal/middleware/middleware.go:121.20,123.4 1 1
radgateway/internal/middleware/middleware.go:125.3,132.40 6 1
radgateway/internal/middleware/middleware.go:136.47,139.2 2 1
radgateway/internal/middleware/middleware.go:141.45,144.2 2 1
radgateway/internal/middleware/middleware.go:146.48,149.2 2 1
radgateway/internal/middleware/middleware.go:151.44,153.16 2 1
radgateway/internal/middleware/middleware.go:153.16,155.63 2 1
radgateway/internal/middleware/middleware.go:155.63,157.4 1 1
radgateway/internal/middleware/middleware.go:159.2,159.64 1 1
radgateway/internal/middleware/middleware.go:159.64,161.3 1 1
radgateway/internal/middleware/middleware.go:162.2,162.69 1 1
radgateway/internal/middleware/middleware.go:162.69,164.3 1 1
radgateway/internal/middleware/middleware.go:165.2,165.52 1 1
radgateway/internal/middleware/middleware.go:168.21,172.2 3 1
radgateway/internal/middleware/middleware.go:176.78,177.46 1 0
radgateway/internal/middleware/middleware.go:177.46,178.72 1 0
radgateway/internal/middleware/middleware.go:178.72,180.19 2 0
radgateway/internal/middleware/middleware.go:180.19,183.5 2 0
radgateway/internal/middleware/middleware.go:185.4,185.35 1 0
radgateway/internal/middleware/middleware.go:185.35,188.5 2 0
radgateway/internal/middleware/middleware.go:190.4,190.24 1 0
radgateway/internal/middleware/middleware.go:196.69,197.46 1 0
radgateway/internal/middleware/middleware.go:197.46,198.72 1 0
radgateway/internal/middleware/middleware.go:198.72,200.19 2 0
radgateway/internal/middleware/middleware.go:200.19,203.5 2 0
radgateway/internal/middleware/middleware.go:205.4,205.54 1 0
radgateway/internal/middleware/middleware.go:205.54,208.5 2 0
radgateway/internal/middleware/middleware.go:210.4,210.24 1 0
radgateway/internal/middleware/middleware.go:216.51,217.71 1 0
radgateway/internal/middleware/middleware.go:217.71,219.18 2 0
radgateway/internal/middleware/middleware.go:219.18,222.4 2 0
radgateway/internal/middleware/middleware.go:224.3,224.20 1 0
radgateway/internal/middleware/middleware.go:224.20,227.4 2 0
radgateway/internal/middleware/middleware.go:229.3,229.23 1 0
radgateway/internal/middleware/middleware.go:234.60,236.2 1 0
radgateway/internal/middleware/middleware.go:239.40,241.2 1 0
radgateway/internal/middleware/ratelimit.go:53.47,65.2 1 0
radgateway/internal/middleware/ratelimit.go:68.46,80.2 1 0
radgateway/internal/middleware/ratelimit.go:83.52,95.2 1 0
radgateway/internal/middleware/ratelimit.go:114.58,126.2 3 0
radgateway/internal/middleware/ratelimit.go:129.31,131.2 1 0
radgateway/internal/middleware/ratelimit.go:134.64,135.71 1 0
radgateway/internal/middleware/ratelimit.go:135.71,137.23 1 0
radgateway/internal/middleware/ratelimit.go:137.23,140.4 2 0
radgateway/internal/middleware/ratelimit.go:143.3,154.15 5 0
radgateway/internal/middleware/ratelimit.go:154.15,155.31 1 0
radgateway/internal/middleware/ratelimit.go:155.31,161.5 1 0
radgateway/internal/middleware/ratelimit.go:163.4,163.40 1 0
radgateway/internal/middleware/ratelimit.go:163.40,165.5 1 0
radgateway/internal/middleware/ratelimit.go:166.4,166.10 1 0
radgateway/internal/middleware/ratelimit.go:169.3,169.23 1 0
radgateway/internal/middleware/ratelimit.go:174.75,182.13 6 0
radgateway/internal/middleware/ratelimit.go:182.13,188.3 2 0
radgateway/internal/middleware/ratelimit.go:190.2,200.19 7 0
radgateway/internal/middleware/ratelimit.go:200.19,204.3 3 0
radgateway/internal/middleware/ratelimit.go:206.2,206.24 1 0
radgateway/internal/middleware/ratelimit.go:210.55,212.36 1 0
radgateway/internal/middleware/ratelimit.go:212.36,214.3 1 0
radgateway/internal/middleware/ratelimit.go:217.2,217.55 1 0
radgateway/internal/middleware/ratelimit.go:217.55,219.3 1 0
radgateway/internal/middleware/ratelimit.go:222.2,222.55 1 0
radgateway/internal/middleware/ratelimit.go:222.55,225.3 1 0
radgateway/internal/middleware/ratelimit.go:228.2,229.33 2 0
radgateway/internal/middleware/ratelimit.go:233.60,236.15 2 0
radgateway/internal/middleware/ratelimit.go:236.15,239.19 2 0
radgateway/internal/middleware/ratelimit.go:239.19,241.30 2 0
radgateway/internal/middleware/ratelimit.go:241.30,243.5 1 0
radgateway/internal/middleware/ratelimit.go:248.2,249.15 2 0
radgateway/internal/middleware/ratelimit.go:249.15,250.30 1 0
radgateway/internal/middleware/ratelimit.go:250.30,252.4 1 0
radgateway/internal/middleware/ratelimit.go:256.2,257.16 2 0
radgateway/internal/middleware/ratelimit.go:257.16,259.3 1 0
radgateway/internal/middleware/ratelimit.go:260.2,260.13 1 0
radgateway/internal/middleware/ratelimit.go:264.53,268.21 2 0
radgateway/internal/middleware/ratelimit.go:268.21,270.3 1 0
radgateway/internal/middleware/ratelimit.go:271.2,271.38 1 0
radgateway/internal/middleware/ratelimit.go:275.57,279.51 2 0
radgateway/internal/middleware/ratelimit.go:279.51,280.23 1 0
radgateway/internal/middleware/ratelimit.go:280.23,282.4 1 0
radgateway/internal/middleware/ratelimit.go:286.2,286.52 1 0
radgateway/internal/middleware/ratelimit.go:286.52,287.38 1 0
radgateway/internal/middleware/ratelimit.go:287.38,289.4 1 0
radgateway/internal/middleware/ratelimit.go:292.2,292.14 1 0
radgateway/internal/middleware/ratelimit.go:296.97,300.2 3 0
radgateway/internal/middleware/ratelimit.go:303.34,307.6 3 0
radgateway/internal/middleware/ratelimit.go:307.6,308.10 1 0
radgateway/internal/middleware/ratelimit.go:309.19,310.23 1 0
radgateway/internal/middleware/ratelimit.go:311.20,312.10 1 0
radgateway/internal/middleware/ratelimit.go:318.41,323.33 4 0
radgateway/internal/middleware/ratelimit.go:323.33,328.31 4 0
radgateway/internal/middleware/ratelimit.go:328.31,330.4 1 0
radgateway/internal/middleware/ratelimit.go:335.117,340.2 4 0
radgateway/internal/middleware/ratelimit.go:343.114,348.2 4 0
radgateway/internal/middleware/ratelimit.go:351.52,353.2 1 0
radgateway/internal/middleware/ratelimit.go:356.34,359.30 2 0
radgateway/internal/middleware/ratelimit.go:359.30,361.3 1 0
radgateway/internal/middleware/ratelimit.go:362.2,362.24 1 0
radgateway/internal/middleware/ratelimit.go:373.83,378.2 1 0
radgateway/internal/middleware/ratelimit.go:381.84,385.2 3 0
radgateway/internal/middleware/ratelimit.go:388.72,389.71 1 0
radgateway/internal/middleware/ratelimit.go:389.71,395.41 4 0
radgateway/internal/middleware/ratelimit.go:395.41,396.39 1 0
radgateway/internal/middleware/ratelimit.go:396.39,398.10 2 0
radgateway/internal/middleware/ratelimit.go:401.3,403.21 2 0
radgateway/internal/middleware/ratelimit.go:403.21,405.4 1 0
radgateway/internal/middleware/ratelimit.go:405.9,407.4 1 0
radgateway/internal/middleware/ratelimit.go:412.39,416.35 4 0
radgateway/internal/middleware/ratelimit.go:416.35,418.3 1 0
radgateway/internal/middleware/ratelimit.go:419.2,421.29 2 0
radgateway/internal/middleware/ratelimit.go:421.29,423.3 1 0
radgateway/internal/middleware/security.go:51.52,65.2 1 0
radgateway/internal/middleware/security.go:68.51,74.2 4 0
radgateway/internal/middleware/security.go:77.48,91.2 1 0
radgateway/internal/middleware/security.go:99.72,101.2 1 0
radgateway/internal/middleware/security.go:104.67,105.71 1 0
radgateway/internal/middleware/security.go:105.71,108.3 2 0
radgateway/internal/middleware/security.go:112.78,114.42 1 0
radgateway/internal/middleware/security.go:114.42,116.3 1 0
radgateway/internal/middleware/security.go:119.2,119.33 1 0
radgateway/internal/middleware/security.go:119.33,121.3 1 0
radgateway/internal/middleware/security.go:124.2,124.39 1 0
radgateway/internal/middleware/security.go:124.39,126.3 1 0
radgateway/internal/middleware/security.go:129.2,129.34 1 0
radgateway/internal/middleware/security.go:129.34,131.3 1 0
radgateway/internal/middleware/security.go:134.2,134.35 1 0
radgateway/internal/middleware/security.go:134.35,136.3 1 0
radgateway/internal/middleware/security.go:139.2,139.38 1 0
radgateway/internal/middleware/security.go:139.38,141.3 1 0
radgateway/internal/middleware/security.go:144.2,144.65 1 0
radgateway/internal/middleware/security.go:144.65,148.3 3 0
radgateway/internal/middleware/security.go:151.2,151.41 1 0
radgateway/internal/middleware/security.go:151.41,153.37 2 0
radgateway/internal/middleware/security.go:153.37,155.4 1 0
radgateway/internal/middleware/security.go:156.3,156.27 1 0
radgateway/internal/middleware/security.go:156.27,158.4 1 0
radgateway/internal/middleware/security.go:159.3,159.57 1 0
radgateway/internal/middleware/security.go:164.73,176.40 3 0
radgateway/internal/middleware/security.go:176.40,177.38 1 0
radgateway/internal/middleware/security.go:177.38,179.4 1 0
radgateway/internal/middleware/security.go:182.2,182.14 1 0
radgateway/internal/middleware/security.go:186.57,188.50 1 0
radgateway/internal/middleware/security.go:188.50,190.3 1 0
radgateway/internal/middleware/security.go:193.2,193.29 1 0
radgateway/internal/middleware/security.go:193.29,195.3 1 0
radgateway/internal/middleware/security.go:198.2,198.18 1 0
radgateway/internal/middleware/security.go:198.18,200.3 1 0
radgateway/internal/middleware/security.go:202.2,202.14 1 0
radgateway/internal/middleware/security.go:206.58,208.2 1 0
radgateway/internal/middleware/security.go:211.61,213.2 1 0
radgateway/internal/middleware/security.go:216.64,218.2 1 0
radgateway/internal/middleware/security.go:236.86,243.2 1 0
radgateway/internal/middleware/security.go:246.70,247.71 1 0
radgateway/internal/middleware/security.go:247.71,249.58 1 0
radgateway/internal/middleware/security.go:249.58,252.4 2 0
radgateway/internal/middleware/security.go:255.3,255.60 1 0
radgateway/internal/middleware/security.go:255.60,258.4 2 0
radgateway/internal/middleware/security.go:261.3,261.27 1 0
radgateway/internal/middleware/security.go:261.27,263.4 1 0
radgateway/internal/middleware/security.go:266.3,268.23 2 0
radgateway/internal/middleware/security.go:273.62,275.48 1 0
radgateway/internal/middleware/security.go:275.48,277.3 1 0
radgateway/internal/middleware/security.go:279.2,279.41 1 0
radgateway/internal/middleware/security.go:279.41,281.39 1 0
radgateway/internal/middleware/security.go:281.39,283.4 1 0
radgateway/internal/middleware/security.go:286.3,286.39 1 0
radgateway/internal/middleware/security.go:286.39,288.73 2 0
radgateway/internal/middleware/security.go:288.73,290.5 1 0
radgateway/internal/middleware/security.go:294.2,294.14 1 0
radgateway/internal/middleware/security.go:298.76,310.44 3 0
radgateway/internal/middleware/security.go:310.44,311.38 1 0
radgateway/internal/middleware/security.go:311.38,313.4 1 0
radgateway/internal/middleware/security.go:317.2,324.38 3 0
radgateway/internal/middleware/security.go:324.38,325.39 1 0
radgateway/internal/middleware/security.go:325.39,327.4 1 0
radgateway/internal/middleware/security.go:330.2,330.14 1 0
radgateway/internal/middleware/security.go:334.72,335.46 1 0
radgateway/internal/middleware/security.go:335.46,336.72 1 0
radgateway/internal/middleware/security.go:336.72,339.4 2 0
radgateway/internal/middleware/security.go:344.75,346.46 2 0
radgateway/internal/middleware/security.go:346.46,348.3 1 0
radgateway/internal/secrets/infisical.go:33.26,40.2 1 0
radgateway/internal/secrets/infisical.go:43.45,44.21 1 0
radgateway/internal/secrets/infisical.go:44.21,46.3 1 0
radgateway/internal/secrets/infisical.go:48.2,52.8 1 0
radgateway/internal/secrets/infisical.go:69.77,76.16 4 0
radgateway/internal/secrets/infisical.go:76.16,78.3 1 0
radgateway/internal/secrets/infisical.go:80.2,83.16 3 0
radgateway/internal/secrets/infisical.go:83.16,86.3 2 0
radgateway/internal/secrets/infisical.go:87.2,89.38 2 0
radgateway/internal/secrets/infisical.go:89.38,92.3 2 0
radgateway/internal/secrets/infisical.go:94.2,95.67 2 0
radgateway/internal/secrets/infisical.go:95.67,97.3 1 0
radgateway/internal/secrets/infisical.go:99.2,99.30 1 0
radgateway/internal/secrets/infisical.go:99.30,101.3 1 0
radgateway/internal/secrets/infisical.go:103.2,104.37 2 0
radgateway/internal/secrets/infisical.go:108.87,111.2 2 0
radgateway/internal/secrets/infisical.go:114.70,116.2 1 0
radgateway/internal/secrets/infisical.go:119.68,121.2 1 0
radgateway/internal/secrets/infisical.go:124.39,126.2 1 0
radgateway/internal/secrets/infisical.go:128.39,130.15 2 0
radgateway/internal/secrets/infisical.go:130.15,132.3 1 0
radgateway/internal/secrets/infisical.go:133.2,133.12 1 0
radgateway/internal/secrets/infisical.go:137.52,139.16 2 0
radgateway/internal/secrets/infisical.go:139.16,141.3 1 0
radgateway/internal/secrets/infisical.go:143.2,144.16 2 0
radgateway/internal/secrets/infisical.go:144.16,146.3 1 0
radgateway/internal/secrets/infisical.go:147.2,149.38 2 0
radgateway/internal/secrets/infisical.go:149.38,151.3 1 0
radgateway/internal/secrets/infisical.go:153.2,153.12 1 0
radgateway/internal/secrets/infisical.go:161.79,162.35 1 0
radgateway/internal/secrets/infisical.go:162.35,164.3 1 0
radgateway/internal/secrets/infisical.go:165.2,165.52 1 0
radgateway/internal/secrets/infisical.go:169.44,170.38 1 0
radgateway/internal/secrets/infisical.go:170.38,172.3 1 0
radgateway/internal/secrets/infisical.go:173.2,173.19 1 0
radgateway/internal/secrets/loader.go:17.35,21.21 2 0
radgateway/internal/secrets/loader.go:21.21,23.3 1 0
radgateway/internal/secrets/loader.go:25.2,26.16 2 0
radgateway/internal/secrets/loader.go:26.16,28.3 1 0
radgateway/internal/secrets/loader.go:30.2,33.8 1 0
radgateway/internal/secrets/loader.go:38.58,39.21 1 0
radgateway/internal/secrets/loader.go:39.21,41.32 2 0
radgateway/internal/secrets/loader.go:41.32,43.4 1 0
radgateway/internal/secrets/loader.go:46.2,46.47 1 0
radgateway/internal/secrets/loader.go:46.47,48.3 1 0
radgateway/internal/secrets/loader.go:50.2,50.17 1 0
radgateway/internal/secrets/loader.go:54.62,55.21 1 0
radgateway/internal/secrets/loader.go:55.21,57.32 2 0
radgateway/internal/secrets/loader.go:57.32,59.4 1 0
radgateway/internal/secrets/loader.go:62.2,62.54 1 0
radgateway/internal/secrets/loader.go:62.54,64.3 1 0
radgateway/internal/secrets/loader.go:66.2,66.17 1 0
radgateway/internal/secrets/loader.go:70.63,71.21 1 0
radgateway/internal/secrets/loader.go:71.21,73.32 2 0
radgateway/internal/secrets/loader.go:73.32,75.4 1 0
radgateway/internal/secrets/loader.go:78.2,78.55 1 0
radgateway/internal/secrets/loader.go:78.55,80.3 1 0
radgateway/internal/secrets/loader.go:82.2,82.17 1 0
radgateway/internal/secrets/loader.go:86.45,87.21 1 0
radgateway/internal/secrets/loader.go:87.21,89.32 2 0
radgateway/internal/secrets/loader.go:89.32,91.4 1 0
radgateway/internal/secrets/loader.go:94.2,94.40 1 0
radgateway/internal/secrets/loader.go:98.39,99.21 1 0
radgateway/internal/secrets/loader.go:99.21,101.32 2 0
radgateway/internal/secrets/loader.go:101.32,103.4 1 0
radgateway/internal/secrets/loader.go:106.2,106.34 1 0
radgateway/internal/secrets/loader.go:110.66,113.21 2 0
radgateway/internal/secrets/loader.go:113.21,115.32 2 0
radgateway/internal/secrets/loader.go:115.32,117.4 1 0
radgateway/internal/secrets/loader.go:121.2,122.26 2 0
radgateway/internal/secrets/loader.go:126.32,127.21 1 0
radgateway/internal/secrets/loader.go:127.21,129.3 1 0
radgateway/internal/secrets/loader.go:130.2,130.12 1 0
radgateway/internal/secrets/loader.go:134.44,136.2 1 0
radgateway/internal/provider/adapter.go:84.43,91.2 1 0
radgateway/internal/provider/adapter.go:115.53,135.2 1 0
radgateway/internal/provider/adapter.go:174.57,178.2 1 0
radgateway/internal/provider/adapter.go:181.48,183.2 1 0
radgateway/internal/provider/adapter.go:186.48,188.2 1 0
radgateway/internal/provider/adapter.go:191.67,193.2 1 0
radgateway/internal/provider/adapter.go:196.69,198.2 1 0
radgateway/internal/provider/adapter.go:201.65,203.2 1 0
radgateway/internal/provider/adapter.go:206.82,207.31 1 0
radgateway/internal/provider/adapter.go:207.31,209.3 1 0
radgateway/internal/provider/adapter.go:212.2,214.64 2 0
radgateway/internal/provider/adapter.go:214.64,216.3 1 0
radgateway/internal/provider/adapter.go:218.2,218.68 1 0
radgateway/internal/provider/adapter.go:218.68,220.3 1 0
radgateway/internal/provider/adapter.go:222.2,222.21 1 0
radgateway/internal/provider/adapter.go:222.21,224.17 2 0
radgateway/internal/provider/adapter.go:224.17,226.4 1 0
radgateway/internal/provider/adapter.go:227.3,228.27 2 0
radgateway/internal/provider/adapter.go:228.27,230.4 1 0
radgateway/internal/provider/adapter.go:233.2,233.20 1 0
radgateway/internal/provider/adapter.go:237.86,238.32 1 0
radgateway/internal/provider/adapter.go:238.32,240.3 1 0
radgateway/internal/provider/adapter.go:243.2,252.70 2 0
radgateway/internal/provider/adapter.go:252.70,254.3 1 0
radgateway/internal/provider/adapter.go:256.2,256.22 1 0
radgateway/internal/provider/adapter.go:256.22,258.17 2 0
radgateway/internal/provider/adapter.go:258.17,260.4 1 0
radgateway/internal/provider/adapter.go:261.3,262.27 2 0
radgateway/internal/provider/adapter.go:262.27,264.4 1 0
radgateway/internal/provider/adapter.go:267.2,267.21 1 0
radgateway/internal/provider/adapter.go:271.64,273.2 1 0
radgateway/internal/provider/adapter.go:276.49,285.2 1 0
radgateway/internal/provider/adapter.go:303.137,312.2 4 0
radgateway/internal/provider/adapter.go:315.101,318.16 2 0
radgateway/internal/provider/adapter.go:318.16,320.3 1 0
radgateway/internal/provider/adapter.go:323.2,324.16 2 0
radgateway/internal/provider/adapter.go:324.16,326.3 1 0
radgateway/internal/provider/adapter.go:329.2,329.34 1 0
radgateway/internal/provider/adapter.go:333.64,335.2 1 0
radgateway/internal/provider/circuitbreaker.go:22.39,23.11 1 0
radgateway/internal/provider/circuitbreaker.go:24.19,25.18 1 0
radgateway/internal/provider/circuitbreaker.go:26.17,27.16 1 0
radgateway/internal/provider/circuitbreaker.go:28.21,29.21 1 0
radgateway/internal/provider/circuitbreaker.go:30.10,31.19 1 0
radgateway/internal/provider/circuitbreaker.go:48.57,55.2 1 0
radgateway/internal/provider/circuitbreaker.go:70.69,75.2 1 0
radgateway/internal/provider/circuitbreaker.go:78.48,82.2 3 0
radgateway/internal/provider/circuitbreaker.go:85.40,89.18 3 0
radgateway/internal/provider/circuitbreaker.go:90.19,91.14 1 0
radgateway/internal/provider/circuitbreaker.go:92.17,93.57 1 0
radgateway/internal/provider/circuitbreaker.go:93.57,97.4 3 0
radgateway/internal/provider/circuitbreaker.go:98.3,98.15 1 0
radgateway/internal/provider/circuitbreaker.go:99.21,100.58 1 0
radgateway/internal/provider/circuitbreaker.go:100.58,103.4 2 0
radgateway/internal/provider/circuitbreaker.go:104.3,104.15 1 0
radgateway/internal/provider/circuitbreaker.go:106.2,106.14 1 0
radgateway/internal/provider/circuitbreaker.go:110.43,114.18 3 0
radgateway/internal/provider/circuitbreaker.go:115.21,117.49 2 0
radgateway/internal/provider/circuitbreaker.go:117.49,119.4 1 0
radgateway/internal/provider/circuitbreaker.go:120.19,121.18 1 0
radgateway/internal/provider/circuitbreaker.go:126.43,132.18 4 0
radgateway/internal/provider/circuitbreaker.go:133.21,134.29 1 0
radgateway/internal/provider/circuitbreaker.go:135.19,137.48 2 0
radgateway/internal/provider/circuitbreaker.go:137.48,139.4 1 0
radgateway/internal/provider/circuitbreaker.go:144.60,149.2 4 0
radgateway/internal/provider/circuitbreaker.go:152.55,163.2 3 0
radgateway/internal/provider/circuitbreaker.go:175.44,177.2 1 0
radgateway/internal/provider/circuitbreaker.go:183.99,184.57 1 0
radgateway/internal/provider/circuitbreaker.go:184.57,185.18 1 0
radgateway/internal/provider/circuitbreaker.go:185.18,187.4 1 0
radgateway/internal/provider/circuitbreaker.go:190.3,190.18 1 0
radgateway/internal/provider/circuitbreaker.go:203.109,209.2 1 0
radgateway/internal/provider/circuitbreaker.go:212.73,217.12 4 0
radgateway/internal/provider/circuitbreaker.go:217.12,219.3 1 0
radgateway/internal/provider/circuitbreaker.go:221.2,225.50 3 0
radgateway/internal/provider/circuitbreaker.go:225.50,227.3 1 0
radgateway/internal/provider/circuitbreaker.go:229.2,231.11 3 0
radgateway/internal/provider/circuitbreaker.go:235.67,237.2 1 0
radgateway/internal/provider/circuitbreaker.go:240.67,242.2 1 0
radgateway/internal/provider/circuitbreaker.go:245.70,247.2 1 0
radgateway/internal/provider/circuitbreaker.go:250.75,255.41 4 0
radgateway/internal/provider/circuitbreaker.go:255.41,257.3 1 0
radgateway/internal/provider/circuitbreaker.go:258.2,258.14 1 0
radgateway/internal/provider/client.go:57.41,70.2 1 0
radgateway/internal/provider/client.go:73.39,88.2 1 0
radgateway/internal/provider/client.go:98.45,120.20 2 0
radgateway/internal/provider/client.go:120.20,122.5 1 0
radgateway/internal/provider/client.go:128.85,135.74 5 0
radgateway/internal/provider/client.go:135.74,136.18 1 0
radgateway/internal/provider/client.go:136.18,137.11 1 0
radgateway/internal/provider/client.go:138.22,139.26 1 0
radgateway/internal/provider/client.go:140.34,140.34 0 0
radgateway/internal/provider/client.go:145.4,146.55 2 0
radgateway/internal/provider/client.go:146.55,148.5 1 0
radgateway/internal/provider/client.go:151.4,151.45 1 0
radgateway/internal/provider/client.go:151.45,153.23 2 0
radgateway/internal/provider/client.go:153.23,155.6 1 0
radgateway/internal/provider/client.go:156.5,156.23 1 0
radgateway/internal/provider/client.go:160.3,161.17 2 0
radgateway/internal/provider/client.go:161.17,163.32 2 0
radgateway/internal/provider/client.go:163.32,165.5 1 0
radgateway/internal/provider/client.go:166.4,166.12 1 0
radgateway/internal/provider/client.go:170.3,170.47 1 0
radgateway/internal/provider/client.go:170.47,173.12 3 0
radgateway/internal/provider/client.go:176.3,176.19 1 0
radgateway/internal/provider/client.go:179.2,179.61 1 0
radgateway/internal/provider/client.go:183.106,185.16 2 0
radgateway/internal/provider/client.go:185.16,187.3 1 0
radgateway/internal/provider/client.go:189.2,189.28 1 0
radgateway/internal/provider/client.go:189.28,191.3 1 0
radgateway/internal/provider/client.go:193.2,193.23 1 0
[...]
radgateway/internal/provider/anthropic/adapter.go:275.2,275.38 1 1
radgateway/internal/provider/anthropic/adapter.go:275.38,278.3 2 0
radgateway/internal/provider/anthropic/adapter.go:281.2,291.12 5 1
radgateway/internal/provider/anthropic/adapter.go:291.12,299.7 6 1
radgateway/internal/provider/anthropic/adapter.go:299.7,301.18 2 1
radgateway/internal/provider/anthropic/adapter.go:301.18,302.22 1 0
radgateway/internal/provider/anthropic/adapter.go:302.22,304.6 1 0
radgateway/internal/provider/anthropic/adapter.go:305.5,305.11 1 0
radgateway/internal/provider/anthropic/adapter.go:308.4,311.18 2 1
radgateway/internal/provider/anthropic/adapter.go:311.18,312.30 1 1
radgateway/internal/provider/anthropic/adapter.go:312.30,318.20 4 1
radgateway/internal/provider/anthropic/adapter.go:318.20,321.7 2 0
radgateway/internal/provider/anthropic/adapter.go:323.6,323.14 1 1
radgateway/internal/provider/anthropic/adapter.go:323.14,325.54 1 1
radgateway/internal/provider/anthropic/adapter.go:325.54,328.8 2 0
radgateway/internal/provider/anthropic/adapter.go:330.7,335.13 6 1
radgateway/internal/provider/anthropic/adapter.go:338.6,338.28 1 1
radgateway/internal/provider/anthropic/adapter.go:338.28,340.54 1 1
radgateway/internal/provider/anthropic/adapter.go:340.54,343.8 2 0
radgateway/internal/provider/anthropic/adapter.go:346.5,347.13 2 1
radgateway/internal/provider/anthropic/adapter.go:351.4,351.42 1 1
radgateway/internal/provider/anthropic/adapter.go:351.42,353.5 1 1
radgateway/internal/provider/anthropic/adapter.go:353.10,353.48 1 1
radgateway/internal/provider/anthropic/adapter.go:353.48,354.30 1 1
radgateway/internal/provider/anthropic/adapter.go:354.30,356.6 1 0
radgateway/internal/provider/anthropic/adapter.go:357.5,357.64 1 1
radgateway/internal/provider/anthropic/adapter.go:362.2,368.8 1 1
radgateway/internal/provider/anthropic/adapter.go:371.49,377.2 4 1
radgateway/internal/provider/anthropic/adapter.go:379.91,383.53 2 1
radgateway/internal/provider/anthropic/adapter.go:383.53,385.3 1 1
radgateway/internal/provider/anthropic/adapter.go:387.2,387.115 1 0
radgateway/internal/provider/anthropic/adapter.go:398.63,400.2 1 1
radgateway/internal/provider/anthropic/adapter.go:403.50,407.2 3 1
radgateway/internal/provider/anthropic/adapter.go:410.43,411.44 1 1
radgateway/internal/provider/anthropic/adapter.go:411.44,413.3 1 1
radgateway/internal/provider/anthropic/adapter.go:414.2,414.12 1 0
radgateway/internal/provider/anthropic/transformer.go:78.41,80.2 1 1
radgateway/internal/provider/anthropic/transformer.go:153.50,155.2 1 1
radgateway/internal/provider/anthropic/transformer.go:163.91,169.23 2 1
radgateway/internal/provider/anthropic/transformer.go:169.23,171.3 1 1
radgateway/internal/provider/anthropic/transformer.go:171.8,173.3 1 1
radgateway/internal/provider/anthropic/transformer.go:176.2,183.35 5 1
radgateway/internal/provider/anthropic/transformer.go:183.35,184.27 1 1
radgateway/internal/provider/anthropic/transformer.go:184.27,186.31 1 1
radgateway/internal/provider/anthropic/transformer.go:186.31,188.5 1 0
radgateway/internal/provider/anthropic/transformer.go:189.4,189.42 1 1
radgateway/internal/provider/anthropic/transformer.go:190.9,190.59 1 1
radgateway/internal/provider/anthropic/transformer.go:190.59,192.49 1 1
radgateway/internal/provider/anthropic/transformer.go:192.49,194.5 1 1
radgateway/internal/provider/anthropic/transformer.go:194.10,200.5 2 1
radgateway/internal/provider/anthropic/transformer.go:205.2,208.29 2 1
radgateway/internal/provider/anthropic/transformer.go:208.29,210.3 1 1
radgateway/internal/provider/anthropic/transformer.go:213.2,213.26 1 1
radgateway/internal/provider/anthropic/transformer.go:213.26,216.3 2 1
radgateway/internal/provider/anthropic/transformer.go:217.2,217.19 1 1
radgateway/internal/provider/anthropic/transformer.go:217.19,220.3 2 1
radgateway/internal/provider/anthropic/transformer.go:223.2,223.23 1 1
radgateway/internal/provider/anthropic/transformer.go:223.23,225.3 1 1
radgateway/internal/provider/anthropic/transformer.go:228.2,228.20 1 1
radgateway/internal/provider/anthropic/transformer.go:228.20,232.3 1 1
radgateway/internal/provider/anthropic/transformer.go:234.2,234.21 1 1
radgateway/internal/provider/anthropic/transformer.go:241.52,243.2 1 1
radgateway/internal/provider/anthropic/transformer.go:246.104,248.26 1 1
radgateway/internal/provider/anthropic/transformer.go:248.26,250.3 1 1
radgateway/internal/provider/anthropic/transformer.go:253.2,254.37 2 1
radgateway/internal/provider/anthropic/transformer.go:254.37,255.27 1 1
radgateway/internal/provider/anthropic/transformer.go:255.27,257.4 1 1
radgateway/internal/provider/anthropic/transformer.go:262.2,284.8 2 1
radgateway/internal/provider/anthropic/transformer.go:288.51,289.25 1 1
radgateway/internal/provider/anthropic/transformer.go:290.18,291.16 1 1
radgateway/internal/provider/anthropic/transformer.go:292.20,293.18 1 1
radgateway/internal/provider/anthropic/transformer.go:294.23,295.16 1 1
radgateway/internal/provider/anthropic/transformer.go:296.10,297.16 1 1
radgateway/internal/provider/anthropic/transformer.go:311.48,315.2 1 1
radgateway/internal/provider/anthropic/transformer.go:318.37,324.2 5 1
radgateway/internal/provider/anthropic/transformer.go:328.97,329.19 1 1
radgateway/internal/provider/anthropic/transformer.go:330.23,331.36 1 1
radgateway/internal/provider/anthropic/transformer.go:332.29,333.41 1 1
radgateway/internal/provider/anthropic/transformer.go:334.29,335.41 1 1
radgateway/internal/provider/anthropic/transformer.go:336.28,337.40 1 1
radgateway/internal/provider/anthropic/transformer.go:338.23,339.36 1 1
radgateway/internal/provider/anthropic/transformer.go:340.22,341.31 1 1
radgateway/internal/provider/anthropic/transformer.go:342.14,344.25 1 1
radgateway/internal/provider/anthropic/transformer.go:345.15,346.79 1 0
radgateway/internal/provider/anthropic/transformer.go:347.10,349.25 1 0
radgateway/internal/provider/anthropic/transformer.go:353.83,355.53 2 1
radgateway/internal/provider/anthropic/transformer.go:355.53,357.3 1 0
radgateway/internal/provider/anthropic/transformer.go:359.2,381.16 6 1
radgateway/internal/provider/anthropic/transformer.go:381.16,383.3 1 0
radgateway/internal/provider/anthropic/transformer.go:385.2,385.45 1 1
radgateway/internal/provider/anthropic/transformer.go:388.88,391.53 2 1
radgateway/internal/provider/anthropic/transformer.go:391.53,393.3 1 0
radgateway/internal/provider/anthropic/transformer.go:396.2,396.24 1 1
radgateway/internal/provider/anthropic/transformer.go:399.88,401.53 2 1
radgateway/internal/provider/anthropic/transformer.go:401.53,403.3 1 0
radgateway/internal/provider/anthropic/transformer.go:406.2,406.28 1 1
radgateway/internal/provider/anthropic/transformer.go:406.28,408.3 1 1
radgateway/internal/provider/anthropic/transformer.go:411.2,427.16 3 1
radgateway/internal/provider/anthropic/transformer.go:427.16,429.3 1 0
radgateway/internal/provider/anthropic/transformer.go:431.2,431.45 1 1
radgateway/internal/provider/anthropic/transformer.go:434.87,437.2 1 1
radgateway/internal/provider/anthropic/transformer.go:439.83,441.53 2 1
radgateway/internal/provider/anthropic/transformer.go:441.53,443.3 1 0
radgateway/internal/provider/anthropic/transformer.go:445.2,463.16 4 1
radgateway/internal/provider/anthropic/transformer.go:463.16,465.3 1 0
radgateway/internal/provider/anthropic/transformer.go:467.2,467.45 1 1
radgateway/internal/provider/anthropic/transformer.go:470.71,473.2 1 1
radgateway/internal/provider/anthropic/transformer.go:476.60,478.2 1 1
radgateway/internal/provider/anthropic/transformer.go:481.40,483.2 1 1
radgateway/internal/provider/anthropic/transformer.go:487.50,489.16 2 1
radgateway/internal/provider/anthropic/transformer.go:489.16,491.3 1 1
radgateway/internal/provider/anthropic/transformer.go:494.2,494.40 1 1
radgateway/internal/provider/anthropic/transformer.go:494.40,496.3 1 1
radgateway/internal/provider/anthropic/transformer.go:499.2,499.39 1 1
radgateway/internal/provider/anthropic/transformer.go:499.39,501.3 1 1
radgateway/internal/provider/anthropic/transformer.go:503.2,503.15 1 0
radgateway/internal/provider/anthropic/transformer.go:507.48,509.97 2 1
radgateway/internal/provider/anthropic/transformer.go:509.97,511.3 1 1
radgateway/internal/provider/anthropic/transformer.go:513.2,513.56 1 1
radgateway/internal/provider/anthropic/transformer.go:518.76,520.61 2 1
radgateway/internal/provider/anthropic/transformer.go:520.61,522.3 1 1
radgateway/internal/provider/anthropic/transformer.go:523.2,523.20 1 1
radgateway/internal/provider/anthropic/transformer.go:527.38,530.2 1 1
radgateway/internal/api/auth.go:29.87,36.2 1 0
radgateway/internal/api/auth.go:39.58,44.2 4 0
radgateway/internal/api/auth.go:71.75,72.33 1 0
radgateway/internal/api/auth.go:72.33,75.3 2 0
radgateway/internal/api/auth.go:77.2,78.61 2 0
radgateway/internal/api/auth.go:78.61,82.3 3 0
radgateway/internal/api/auth.go:84.2,85.43 2 0
radgateway/internal/api/auth.go:85.43,88.3 2 0
radgateway/internal/api/auth.go:91.2,93.16 3 0
radgateway/internal/api/auth.go:93.16,98.3 3 0
radgateway/internal/api/auth.go:101.2,101.29 1 0
radgateway/internal/api/auth.go:101.29,105.3 3 0
radgateway/internal/api/auth.go:108.2,108.92 1 0
radgateway/internal/api/auth.go:108.92,112.3 3 0
radgateway/internal/api/auth.go:115.2,117.42 3 0
radgateway/internal/api/auth.go:117.42,120.3 2 0
radgateway/internal/api/auth.go:123.2,130.16 2 0
radgateway/internal/api/auth.go:130.16,134.3 3 0
radgateway/internal/api/auth.go:137.2,144.29 4 0
radgateway/internal/api/auth.go:144.29,146.3 1 0
radgateway/internal/api/auth.go:148.2,163.35 3 0
radgateway/internal/api/auth.go:167.76,168.33 1 0
radgateway/internal/api/auth.go:168.33,171.3 2 0
radgateway/internal/api/auth.go:174.2,177.86 3 0
radgateway/internal/api/auth.go:186.77,187.33 1 0
radgateway/internal/api/auth.go:187.33,190.3 2 0
radgateway/internal/api/auth.go:193.2,195.87 3 0
radgateway/internal/api/auth.go:195.87,197.3 1 0
radgateway/internal/api/auth.go:197.8,199.59 1 0
radgateway/internal/api/auth.go:199.59,201.4 1 0
radgateway/internal/api/auth.go:204.2,204.24 1 0
radgateway/internal/api/auth.go:204.24,207.3 2 0
radgateway/internal/api/auth.go:213.2,214.19 2 0
radgateway/internal/api/auth.go:214.19,217.3 2 0
radgateway/internal/api/auth.go:220.2,222.16 3 0
radgateway/internal/api/auth.go:222.16,226.3 3 0
radgateway/internal/api/auth.go:230.2,232.16 3 0
radgateway/internal/api/auth.go:232.16,234.3 1 0
radgateway/internal/api/auth.go:236.2,243.16 2 0
radgateway/internal/api/auth.go:243.16,247.3 3 0
radgateway/internal/api/auth.go:250.2,259.35 4 0
radgateway/internal/api/auth.go:263.72,264.32 1 0
radgateway/internal/api/auth.go:264.32,267.3 2 0
radgateway/internal/api/auth.go:269.2,270.9 2 0
radgateway/internal/api/auth.go:270.9,273.3 2 0
radgateway/internal/api/auth.go:276.2,278.16 3 0
radgateway/internal/api/auth.go:278.16,282.3 3 0
radgateway/internal/api/auth.go:284.2,285.29 2 0
radgateway/internal/api/auth.go:285.29,287.3 1 0
radgateway/internal/api/auth.go:289.2,298.35 2 0
radgateway/internal/api/auth.go:302.102,304.15 2 0
radgateway/internal/api/auth.go:304.15,306.3 1 0
radgateway/internal/api/auth.go:308.2,329.34 4 0
radgateway/internal/api/auth.go:333.80,360.2 5 0
radgateway/internal/api/auth.go:364.54,366.50 1 0
radgateway/internal/api/auth.go:366.50,368.3 1 0
radgateway/internal/api/auth.go:371.2,371.18 1 0
radgateway/internal/api/auth.go:371.18,373.3 1 0
radgateway/internal/api/auth.go:376.2,376.49 1 0
radgateway/internal/api/auth.go:376.49,378.3 1 0
radgateway/internal/api/auth.go:380.2,380.14 1 0
radgateway/internal/api/auth.go:384.37,387.2 2 0
radgateway/internal/api/auth.go:390.64,394.2 3 0
radgateway/internal/api/auth.go:397.70,404.2 1 0
radgateway/internal/api/handlers.go:32.45,39.99 2 1
radgateway/internal/api/handlers.go:39.99,41.3 1 0
radgateway/internal/api/handlers.go:44.2,46.10 2 1
radgateway/internal/api/handlers.go:49.49,60.2 9 1
radgateway/internal/api/handlers.go:62.67,63.32 1 1
radgateway/internal/api/handlers.go:63.32,66.3 2 0
radgateway/internal/api/handlers.go:67.2,67.69 1 1
radgateway/internal/api/handlers.go:70.76,71.33 1 1
radgateway/internal/api/handlers.go:71.33,74.3 2 0
radgateway/internal/api/handlers.go:76.2,77.61 2 1
radgateway/internal/api/handlers.go:77.61,80.3 2 0
radgateway/internal/api/handlers.go:82.2,82.21 1 1
radgateway/internal/api/handlers.go:82.21,84.3 1 0
radgateway/internal/api/handlers.go:87.2,87.16 1 1
radgateway/internal/api/handlers.go:87.16,90.3 2 0
radgateway/internal/api/handlers.go:93.2,94.16 2 1
radgateway/internal/api/handlers.go:94.16,97.3 2 0
radgateway/internal/api/handlers.go:98.2,98.50 1 1
radgateway/internal/api/handlers.go:101.70,102.33 1 0
radgateway/internal/api/handlers.go:102.33,105.3 2 0
radgateway/internal/api/handlers.go:106.2,107.61 2 0
radgateway/internal/api/handlers.go:107.61,110.3 2 0
radgateway/internal/api/handlers.go:111.2,111.21 1 0
radgateway/internal/api/handlers.go:111.21,113.3 1 0
radgateway/internal/api/handlers.go:114.2,115.16 2 0
radgateway/internal/api/handlers.go:115.16,118.3 2 0
radgateway/internal/api/handlers.go:119.2,119.50 1 0
radgateway/internal/api/handlers.go:122.69,123.33 1 0
radgateway/internal/api/handlers.go:123.33,126.3 2 0
radgateway/internal/api/handlers.go:127.2,128.61 2 0
radgateway/internal/api/handlers.go:128.61,131.3 2 0
radgateway/internal/api/handlers.go:132.2,132.21 1 0
radgateway/internal/api/handlers.go:132.21,134.3 1 0
radgateway/internal/api/handlers.go:135.2,136.16 2 0
radgateway/internal/api/handlers.go:136.16,139.3 2 0
radgateway/internal/api/handlers.go:140.2,140.50 1 0
radgateway/internal/api/handlers.go:143.71,144.33 1 0
radgateway/internal/api/handlers.go:144.33,147.3 2 0
radgateway/internal/api/handlers.go:148.2,149.61 2 0
radgateway/internal/api/handlers.go:149.61,152.3 2 0
radgateway/internal/api/handlers.go:153.2,153.21 1 0
radgateway/internal/api/handlers.go:153.21,155.3 1 0
radgateway/internal/api/handlers.go:156.2,157.16 2 0
radgateway/internal/api/handlers.go:157.16,160.3 2 0
radgateway/internal/api/handlers.go:161.2,161.50 1 0
radgateway/internal/api/handlers.go:164.67,165.33 1 0
radgateway/internal/api/handlers.go:165.33,168.3 2 0
radgateway/internal/api/handlers.go:169.2,170.16 2 0
radgateway/internal/api/handlers.go:170.16,173.3 2 0
radgateway/internal/api/handlers.go:174.2,174.50 1 0
radgateway/internal/api/handlers.go:177.75,178.33 1 0
radgateway/internal/api/handlers.go:178.33,181.3 2 0
radgateway/internal/api/handlers.go:182.2,183.16 2 0
radgateway/internal/api/handlers.go:183.16,186.3 2 0
radgateway/internal/api/handlers.go:187.2,187.50 1 0
radgateway/internal/api/handlers.go:190.73,191.33 1 0
radgateway/internal/api/handlers.go:191.33,194.3 2 0
radgateway/internal/api/handlers.go:195.2,197.46 3 0
radgateway/internal/api/handlers.go:197.46,199.3 1 0
radgateway/internal/api/handlers.go:200.2,201.16 2 0
radgateway/internal/api/handlers.go:201.16,204.3 2 0
radgateway/internal/api/handlers.go:205.2,205.50 1 0
radgateway/internal/api/handlers.go:208.67,209.32 1 1
radgateway/internal/api/handlers.go:209.32,212.3 2 0
radgateway/internal/api/handlers.go:213.2,220.4 1 1
radgateway/internal/api/handlers.go:223.64,227.2 3 1
radgateway/internal/api/handlers.go:229.46,231.2 1 0
radgateway/internal/api/handlers.go:233.51,235.2 1 0
radgateway/internal/api/handlers.go:237.54,239.2 1 0
radgateway/internal/api/sse.go:106.59,121.2 4 1
radgateway/internal/api/sse.go:124.57,128.2 3 1
radgateway/internal/api/sse.go:132.75,133.32 1 1
radgateway/internal/api/sse.go:133.32,136.3 2 0
radgateway/internal/api/sse.go:139.2,143.16 3 1
radgateway/internal/api/sse.go:143.16,147.3 3 0
radgateway/internal/api/sse.go:150.2,165.36 5 1
radgateway/internal/api/sse.go:165.36,170.3 4 0
radgateway/internal/api/sse.go:171.2,177.15 4 1
radgateway/internal/api/sse.go:177.15,184.3 6 0
radgateway/internal/api/sse.go:187.2,195.17 1 1
radgateway/internal/api/sse.go:195.17,198.3 2 0
radgateway/internal/api/sse.go:201.2,201.9 1 1
radgateway/internal/api/sse.go:202.20,203.60 1 0
radgateway/internal/api/sse.go:204.26,205.65 1 0
radgateway/internal/api/sse.go:210.78,211.66 1 0
radgateway/internal/api/sse.go:211.66,214.3 2 0
radgateway/internal/api/sse.go:216.2,221.61 2 0
radgateway/internal/api/sse.go:221.61,224.3 2 0
radgateway/internal/api/sse.go:226.2,230.13 4 0
radgateway/internal/api/sse.go:230.13,233.3 2 0
radgateway/internal/api/sse.go:236.2,236.33 1 0
radgateway/internal/api/sse.go:236.33,238.40 1 0
radgateway/internal/api/sse.go:238.40,240.4 1 0
radgateway/internal/api/sse.go:241.8,243.40 1 0
radgateway/internal/api/sse.go:243.40,245.4 1 0
radgateway/internal/api/sse.go:248.2,252.4 2 0
radgateway/internal/api/sse.go:256.45,259.35 3 1
radgateway/internal/api/sse.go:259.35,260.79 1 1
radgateway/internal/api/sse.go:260.79,262.4 1 1
radgateway/internal/api/sse.go:264.2,266.33 2 1
radgateway/internal/api/sse.go:266.33,267.52 1 1
radgateway/internal/api/sse.go:267.52,269.4 1 0
radgateway/internal/api/sse.go:274.65,279.13 4 0
radgateway/internal/api/sse.go:279.13,281.3 1 0
radgateway/internal/api/sse.go:283.2,283.35 1 0
radgateway/internal/api/sse.go:287.67,289.78 1 1
radgateway/internal/api/sse.go:289.78,291.3 1 0
radgateway/internal/api/sse.go:294.2,295.16 2 1
radgateway/internal/api/sse.go:295.16,297.3 1 0
radgateway/internal/api/sse.go:300.2,308.12 3 1
radgateway/internal/api/sse.go:308.12,310.3 1 1
radgateway/internal/api/sse.go:312.2,312.9 1 1
radgateway/internal/api/sse.go:313.21,314.17 1 1
radgateway/internal/api/sse.go:314.17,316.4 1 0
radgateway/internal/api/sse.go:317.37,318.42 1 0
radgateway/internal/api/sse.go:321.2,321.12 1 1
radgateway/internal/api/sse.go:325.74,327.18 2 1
radgateway/internal/api/sse.go:327.18,330.3 1 1
radgateway/internal/api/sse.go:332.2,333.48 2 0
radgateway/internal/api/sse.go:333.48,335.3 1 0
radgateway/internal/api/sse.go:336.2,336.15 1 0
radgateway/internal/api/sse.go:340.67,342.49 2 0
radgateway/internal/api/sse.go:342.49,344.3 1 0
radgateway/internal/api/sse.go:345.2,345.15 1 0
radgateway/internal/api/sse.go:349.42,350.18 1 0
radgateway/internal/api/sse.go:350.18,352.3 1 0
radgateway/internal/api/sse.go:355.2,357.35 3 0
radgateway/internal/api/sse.go:357.35,358.23 1 0
radgateway/internal/api/sse.go:358.23,359.17 1 0
radgateway/internal/api/sse.go:359.17,361.5 1 0
radgateway/internal/api/sse.go:362.4,362.17 1 0
radgateway/internal/api/sse.go:365.2,365.25 1 0
radgateway/internal/api/sse.go:365.25,367.3 1 0
radgateway/internal/api/sse.go:368.2,368.15 1 0
radgateway/internal/api/sse.go:372.38,376.21 3 1
radgateway/internal/api/sse.go:376.21,384.3 2 1
radgateway/internal/api/sse.go:388.46,392.21 3 1
radgateway/internal/api/sse.go:392.21,405.27 4 1
radgateway/internal/api/sse.go:405.27,407.4 1 1
radgateway/internal/api/sse.go:412.58,427.2 4 1
radgateway/internal/api/sse.go:430.49,433.2 0 1
radgateway/internal/api/sse.go:436.47,440.2 3 0
radgateway/internal/api/sse.go:443.33,446.35 3 0
radgateway/internal/api/sse.go:446.35,448.3 1 0
radgateway/internal/api/sse.go:449.2,452.33 3 0
radgateway/internal/api/sse.go:452.33,455.3 2 0
radgateway/internal/api/sse.go:457.2,457.65 1 0
radgateway/internal/api/streaming.go:26.85,31.2 1 1
radgateway/internal/api/streaming.go:34.133,40.16 3 0
radgateway/internal/api/streaming.go:40.16,43.3 1 0
radgateway/internal/api/streaming.go:47.2,53.38 3 0
radgateway/internal/api/streaming.go:53.38,56.3 1 0
radgateway/internal/api/streaming.go:61.74,64.12 2 0
radgateway/internal/api/streaming.go:64.12,81.32 3 0
radgateway/internal/api/streaming.go:81.32,84.18 2 0
radgateway/internal/api/streaming.go:84.18,86.5 1 0
radgateway/internal/api/streaming.go:88.4,88.37 1 0
radgateway/internal/api/streaming.go:92.3,92.37 1 0
radgateway/internal/api/streaming.go:95.2,95.11 1 0
radgateway/internal/api/streaming.go:99.65,101.9 2 0
radgateway/internal/api/streaming.go:102.47,103.21 1 0
radgateway/internal/api/streaming.go:104.47,105.18 1 0
radgateway/internal/api/streaming.go:106.10,107.18 1 0
