mode: set
radgateway/internal/streaming/anthropic.go:40.71,42.64 2 1
radgateway/internal/streaming/anthropic.go:42.64,44.3 1 0
radgateway/internal/streaming/anthropic.go:46.2,46.17 1 1
radgateway/internal/streaming/anthropic.go:47.23,48.24 1 1
radgateway/internal/streaming/anthropic.go:48.24,50.4 1 0
radgateway/internal/streaming/anthropic.go:51.3,61.9 1 1
radgateway/internal/streaming/anthropic.go:63.29,64.22 1 1
radgateway/internal/streaming/anthropic.go:64.22,66.4 1 0
radgateway/internal/streaming/anthropic.go:67.3,76.9 1 1
radgateway/internal/streaming/anthropic.go:78.45,80.18 1 0
radgateway/internal/streaming/anthropic.go:82.22,95.22 2 1
radgateway/internal/streaming/anthropic.go:95.22,97.4 1 0
radgateway/internal/streaming/anthropic.go:98.3,98.20 1 1
radgateway/internal/streaming/anthropic.go:100.14,102.18 1 1
radgateway/internal/streaming/anthropic.go:104.15,105.70 1 0
radgateway/internal/streaming/anthropic.go:107.10,109.18 1 0
radgateway/internal/streaming/gemini.go:41.68,43.64 2 1
radgateway/internal/streaming/gemini.go:43.64,45.3 1 0
radgateway/internal/streaming/gemini.go:47.2,47.29 1 1
radgateway/internal/streaming/gemini.go:47.29,49.3 1 1
radgateway/internal/streaming/gemini.go:51.2,63.66 3 1
radgateway/internal/streaming/gemini.go:63.66,65.48 2 1
radgateway/internal/streaming/gemini.go:65.48,67.4 1 1
radgateway/internal/streaming/gemini.go:68.3,70.35 2 1
radgateway/internal/streaming/gemini.go:70.35,72.4 1 1
radgateway/internal/streaming/gemini.go:76.2,76.34 1 1
radgateway/internal/streaming/gemini.go:76.34,80.3 3 1
radgateway/internal/streaming/gemini.go:83.2,83.21 1 1
radgateway/internal/streaming/gemini.go:83.21,89.3 1 1
radgateway/internal/streaming/gemini.go:91.2,91.19 1 1
radgateway/internal/streaming/gemini.go:95.50,96.16 1 1
radgateway/internal/streaming/gemini.go:97.14,98.16 1 1
radgateway/internal/streaming/gemini.go:99.20,100.18 1 1
radgateway/internal/streaming/gemini.go:101.39,102.26 1 1
radgateway/internal/streaming/gemini.go:103.10,104.16 1 1
radgateway/internal/streaming/openai.go:9.68,11.28 1 1
radgateway/internal/streaming/openai.go:11.28,13.3 1 1
radgateway/internal/streaming/openai.go:16.2,16.28 1 1
radgateway/internal/streaming/openai.go:16.28,18.3 1 0
radgateway/internal/streaming/openai.go:20.2,21.67 2 1
radgateway/internal/streaming/openai.go:21.67,23.3 1 0
radgateway/internal/streaming/openai.go:26.2,26.23 1 1
radgateway/internal/streaming/openai.go:26.23,28.3 1 1
radgateway/internal/streaming/openai.go:31.2,31.68 1 1
radgateway/internal/streaming/openai.go:31.68,34.3 2 1
radgateway/internal/streaming/openai.go:36.2,36.20 1 1
radgateway/internal/streaming/pipe.go:56.37,61.2 1 1
radgateway/internal/streaming/pipe.go:64.36,65.25 1 1
radgateway/internal/streaming/pipe.go:65.25,67.3 1 1
radgateway/internal/streaming/pipe.go:69.2,87.10 5 1
radgateway/internal/streaming/pipe.go:92.22,100.6 6 1
radgateway/internal/streaming/pipe.go:100.6,101.10 1 1
radgateway/internal/streaming/pipe.go:102.23,107.10 4 1
radgateway/internal/streaming/pipe.go:109.31,110.11 1 1
radgateway/internal/streaming/pipe.go:110.11,116.5 4 1
radgateway/internal/streaming/pipe.go:118.4,118.20 1 1
radgateway/internal/streaming/pipe.go:118.20,119.13 1 1
radgateway/internal/streaming/pipe.go:122.4,125.56 2 1
radgateway/internal/streaming/pipe.go:125.56,129.5 3 0
radgateway/internal/streaming/pipe.go:135.57,137.23 1 1
radgateway/internal/streaming/pipe.go:137.23,139.25 1 0
radgateway/internal/streaming/pipe.go:139.25,140.11 1 0
radgateway/internal/streaming/pipe.go:141.33,142.28 1 0
radgateway/internal/streaming/pipe.go:143.12,144.23 1 0
radgateway/internal/streaming/pipe.go:149.1,151.9 1 1
radgateway/internal/streaming/pipe.go:152.25,154.13 2 1
radgateway/internal/streaming/pipe.go:155.10,157.34 1 0
radgateway/internal/streaming/pipe.go:157.34,161.4 3 0
radgateway/internal/streaming/pipe.go:163.3,165.66 3 0
radgateway/internal/streaming/pipe.go:172.30,173.33 1 1
radgateway/internal/streaming/pipe.go:173.33,174.10 1 0
radgateway/internal/streaming/pipe.go:175.26,175.26 0 0
radgateway/internal/streaming/pipe.go:176.11,176.11 0 0
radgateway/internal/streaming/pipe.go:180.2,180.16 1 1
radgateway/internal/streaming/pipe.go:184.37,185.9 1 1
radgateway/internal/streaming/pipe.go:186.23,186.23 0 0
radgateway/internal/streaming/pipe.go:187.10,187.10 0 1
radgateway/internal/streaming/pipe.go:193.30,194.42 1 1
radgateway/internal/streaming/pipe.go:194.42,199.25 3 1
radgateway/internal/streaming/pipe.go:199.25,201.4 1 1
radgateway/internal/streaming/pipe.go:202.3,203.32 2 1
radgateway/internal/streaming/pipe.go:205.2,205.12 1 1
radgateway/internal/streaming/pipe.go:210.29,211.24 1 1
radgateway/internal/streaming/pipe.go:211.24,213.3 1 1
radgateway/internal/streaming/pipe.go:217.32,219.2 1 1
radgateway/internal/streaming/pipe.go:222.42,224.2 1 1
radgateway/internal/streaming/pipe.go:240.66,247.2 1 1
radgateway/internal/streaming/pipe.go:251.52,258.12 4 1
radgateway/internal/streaming/pipe.go:258.12,264.7 4 1
radgateway/internal/streaming/pipe.go:264.7,266.18 2 1
radgateway/internal/streaming/pipe.go:266.18,267.31 1 1
radgateway/internal/streaming/pipe.go:267.31,270.6 2 1
radgateway/internal/streaming/pipe.go:271.5,273.11 3 0
radgateway/internal/streaming/pipe.go:276.4,280.18 4 1
radgateway/internal/streaming/pipe.go:280.18,284.5 3 0
radgateway/internal/streaming/pipe.go:286.4,286.20 1 1
radgateway/internal/streaming/pipe.go:286.20,288.12 2 1
radgateway/internal/streaming/pipe.go:289.32,289.32 0 1
radgateway/internal/streaming/pipe.go:290.36,292.12 2 0
radgateway/internal/streaming/pipe.go:299.2,299.12 1 1
radgateway/internal/streaming/pipe.go:299.12,303.7 3 1
radgateway/internal/streaming/pipe.go:303.7,304.11 1 1
radgateway/internal/streaming/pipe.go:305.38,306.12 1 1
radgateway/internal/streaming/pipe.go:306.12,310.6 3 0
radgateway/internal/streaming/pipe.go:312.5,313.46 2 1
radgateway/internal/streaming/pipe.go:313.46,317.6 3 0
radgateway/internal/streaming/pipe.go:318.5,318.92 1 1
radgateway/internal/streaming/pipe.go:320.32,323.11 3 1
radgateway/internal/streaming/pipe.go:325.37,328.11 3 1
radgateway/internal/streaming/pipe.go:333.2,333.67 1 1
radgateway/internal/streaming/pipe.go:337.48,346.2 2 1
radgateway/internal/streaming/pipe.go:349.39,354.37 2 1
radgateway/internal/streaming/pipe.go:354.37,357.3 1 1
radgateway/internal/streaming/pipe.go:359.2,359.34 1 1
radgateway/internal/streaming/pipe.go:363.32,365.16 2 1
radgateway/internal/streaming/pipe.go:365.16,366.46 1 0
radgateway/internal/streaming/pipe.go:368.2,368.10 1 1
radgateway/internal/streaming/pipe.go:372.31,375.2 2 1
radgateway/internal/streaming/pipe.go:378.32,382.2 3 1
radgateway/internal/streaming/pipe.go:385.38,388.18 3 1
radgateway/internal/streaming/pipe.go:388.18,390.3 1 1
radgateway/internal/streaming/pipe.go:394.33,398.2 3 1
radgateway/internal/streaming/pipe.go:401.36,405.2 3 1
radgateway/internal/streaming/pipe.go:408.32,413.16 5 1
radgateway/internal/streaming/pipe.go:413.16,415.3 1 0
radgateway/internal/streaming/pipe.go:416.2,417.12 2 1
radgateway/internal/streaming/pipe.go:431.99,435.2 1 1
radgateway/internal/streaming/pipe.go:438.42,439.26 1 1
radgateway/internal/streaming/pipe.go:439.26,441.3 1 1
radgateway/internal/streaming/pipe.go:442.2,442.49 1 1
radgateway/internal/streaming/pipe.go:448.119,451.20 2 1
radgateway/internal/streaming/pipe.go:451.20,455.3 3 1
radgateway/internal/streaming/pipe.go:457.2,461.16 4 1
radgateway/internal/streaming/pipe.go:461.16,465.3 3 0
radgateway/internal/streaming/pipe.go:467.2,471.12 3 1
radgateway/internal/streaming/pipe.go:471.12,475.3 3 1
radgateway/internal/streaming/pipe.go:477.2,477.20 1 1
radgateway/internal/streaming/pipe.go:481.47,483.2 1 1
radgateway/internal/streaming/pipe.go:492.63,494.2 1 1
radgateway/internal/streaming/pipe.go:497.45,499.2 1 1
radgateway/internal/streaming/pipe.go:502.46,504.2 1 1
radgateway/internal/streaming/sse.go:39.37,44.2 1 1
radgateway/internal/streaming/sse.go:48.40,53.6 4 1
radgateway/internal/streaming/sse.go:53.6,55.17 2 1
radgateway/internal/streaming/sse.go:55.17,56.30 1 1
radgateway/internal/streaming/sse.go:56.30,58.84 1 1
radgateway/internal/streaming/sse.go:58.84,62.6 3 0
radgateway/internal/streaming/sse.go:64.5,64.27 1 1
radgateway/internal/streaming/sse.go:66.4,67.23 2 0
radgateway/internal/streaming/sse.go:71.3,76.21 3 1
radgateway/internal/streaming/sse.go:76.21,77.83 1 1
radgateway/internal/streaming/sse.go:77.83,81.5 3 1
radgateway/internal/streaming/sse.go:83.4,83.12 1 1
radgateway/internal/streaming/sse.go:87.3,87.38 1 1
radgateway/internal/streaming/sse.go:87.38,88.12 1 1
radgateway/internal/streaming/sse.go:92.3,92.44 1 1
radgateway/internal/streaming/sse.go:92.44,95.4 2 0
radgateway/internal/streaming/sse.go:96.3,96.19 1 1
radgateway/internal/streaming/sse.go:101.48,103.37 1 1
radgateway/internal/streaming/sse.go:103.37,105.3 1 0
radgateway/internal/streaming/sse.go:108.2,111.20 3 1
radgateway/internal/streaming/sse.go:111.20,115.3 2 0
radgateway/internal/streaming/sse.go:115.8,119.40 3 1
radgateway/internal/streaming/sse.go:119.40,121.4 1 1
radgateway/internal/streaming/sse.go:124.2,124.23 1 1
radgateway/internal/streaming/sse.go:125.12,126.29 1 1
radgateway/internal/streaming/sse.go:127.15,128.32 1 1
radgateway/internal/streaming/sse.go:129.14,130.26 1 1
radgateway/internal/streaming/sse.go:130.26,132.4 1 1
radgateway/internal/streaming/sse.go:133.3,133.25 1 1
radgateway/internal/streaming/sse.go:134.15,135.60 1 1
radgateway/internal/streaming/sse.go:135.60,137.4 1 1
radgateway/internal/streaming/sse.go:138.10,138.10 0 0
radgateway/internal/streaming/sse.go:142.2,142.12 1 1
radgateway/internal/streaming/sse.go:157.56,159.9 2 1
radgateway/internal/streaming/sse.go:159.9,161.3 1 1
radgateway/internal/streaming/sse.go:164.2,180.8 9 1
radgateway/internal/streaming/sse.go:184.48,188.14 3 1
radgateway/internal/streaming/sse.go:188.14,190.3 1 1
radgateway/internal/streaming/sse.go:192.2,195.20 2 1
radgateway/internal/streaming/sse.go:195.20,197.3 1 1
radgateway/internal/streaming/sse.go:200.2,200.23 1 1
radgateway/internal/streaming/sse.go:200.23,202.3 1 1
radgateway/internal/streaming/sse.go:205.2,205.21 1 1
radgateway/internal/streaming/sse.go:205.21,207.3 1 1
radgateway/internal/streaming/sse.go:210.2,210.22 1 1
radgateway/internal/streaming/sse.go:210.22,213.30 2 1
radgateway/internal/streaming/sse.go:213.30,215.4 1 1
radgateway/internal/streaming/sse.go:219.2,222.16 3 1
radgateway/internal/streaming/sse.go:222.16,225.3 2 0
radgateway/internal/streaming/sse.go:227.2,229.12 3 1
radgateway/internal/streaming/sse.go:233.47,235.2 1 0
radgateway/internal/streaming/sse.go:238.53,242.14 3 1
radgateway/internal/streaming/sse.go:242.14,244.3 1 0
radgateway/internal/streaming/sse.go:246.2,247.16 2 1
radgateway/internal/streaming/sse.go:247.16,249.3 1 0
radgateway/internal/streaming/sse.go:251.2,252.12 2 1
radgateway/internal/streaming/sse.go:256.32,263.2 5 1
radgateway/internal/streaming/sse.go:266.34,270.2 3 1
radgateway/internal/streaming/sse.go:278.35,287.2 4 1
radgateway/internal/streaming/sse.go:299.73,301.16 2 1
radgateway/internal/streaming/sse.go:301.16,303.3 1 0
radgateway/internal/streaming/sse.go:305.2,319.12 5 1
radgateway/internal/streaming/sse.go:319.12,320.10 1 1
radgateway/internal/streaming/sse.go:321.29,323.13 2 0
radgateway/internal/streaming/sse.go:324.21,324.21 0 1
radgateway/internal/streaming/sse.go:328.2,328.15 1 1
radgateway/internal/streaming/sse.go:332.42,333.9 1 1
radgateway/internal/streaming/sse.go:334.22,336.21 2 0
radgateway/internal/streaming/sse.go:337.10,338.52 1 1
radgateway/internal/streaming/sse.go:338.52,341.4 2 0
radgateway/internal/streaming/sse.go:342.3,342.13 1 1
radgateway/internal/streaming/sse.go:347.46,349.2 1 1
radgateway/internal/streaming/sse.go:352.36,354.2 1 0
radgateway/internal/streaming/sse.go:357.32,362.16 5 1
radgateway/internal/streaming/sse.go:362.16,364.3 1 0
radgateway/internal/streaming/sse.go:365.2,366.12 2 1
radgateway/internal/streaming/sse.go:370.41,372.2 1 0
radgateway/internal/streaming/sse.go:375.44,377.2 1 1
radgateway/internal/streaming/transformer.go:70.58,75.2 1 1
radgateway/internal/streaming/transformer.go:79.62,81.22 1 1
radgateway/internal/streaming/transformer.go:81.22,83.3 1 1
radgateway/internal/streaming/transformer.go:86.2,86.20 1 1
radgateway/internal/streaming/transformer.go:87.25,88.34 1 1
radgateway/internal/streaming/transformer.go:89.19,90.37 1 1
radgateway/internal/streaming/transformer.go:91.16,92.34 1 1
radgateway/internal/streaming/transformer.go:93.10,95.34 1 0
radgateway/internal/streaming/transformer.go:100.49,102.35 2 1
radgateway/internal/streaming/transformer.go:102.35,110.33 2 1
radgateway/internal/streaming/transformer.go:110.33,112.4 1 1
radgateway/internal/streaming/transformer.go:112.9,114.4 1 1
radgateway/internal/streaming/transformer.go:115.3,115.25 1 1
radgateway/internal/streaming/transformer.go:118.2,126.20 2 1
radgateway/internal/streaming/transformer.go:126.20,128.3 1 1
radgateway/internal/streaming/transformer.go:130.2,130.15 1 1
radgateway/internal/streaming/transformer.go:135.105,138.6 2 0
radgateway/internal/streaming/transformer.go:138.6,140.17 2 0
radgateway/internal/streaming/transformer.go:140.17,141.30 1 0
radgateway/internal/streaming/transformer.go:141.30,143.12 1 0
radgateway/internal/streaming/transformer.go:144.22,144.22 0 0
radgateway/internal/streaming/transformer.go:145.13,145.13 0 0
radgateway/internal/streaming/transformer.go:147.5,147.11 1 0
radgateway/internal/streaming/transformer.go:150.4,150.11 1 0
radgateway/internal/streaming/transformer.go:151.21,151.21 0 0
radgateway/internal/streaming/transformer.go:152.12,152.12 0 0
radgateway/internal/streaming/transformer.go:154.4,154.10 1 0
radgateway/internal/streaming/transformer.go:157.3,158.17 2 0
radgateway/internal/streaming/transformer.go:158.17,160.11 1 0
radgateway/internal/streaming/transformer.go:161.21,161.21 0 0
radgateway/internal/streaming/transformer.go:162.12,162.12 0 0
radgateway/internal/streaming/transformer.go:164.4,164.10 1 0
radgateway/internal/streaming/transformer.go:167.3,167.19 1 0
radgateway/internal/streaming/transformer.go:167.19,169.4 1 0
radgateway/internal/streaming/transformer.go:174.31,176.2 1 1
